[2025-06-26T16:08:36.702+0000] {taskinstance.py:1956} INFO - Dependencies all met for dep_context=non-requeueable deps ti=<TaskInstance: cards_etl.etl_cards_task manual__2025-06-26T16:08:11.117343+00:00 [queued]>
[2025-06-26T16:08:36.714+0000] {taskinstance.py:1956} INFO - Dependencies all met for dep_context=requeueable deps ti=<TaskInstance: cards_etl.etl_cards_task manual__2025-06-26T16:08:11.117343+00:00 [queued]>
[2025-06-26T16:08:36.715+0000] {taskinstance.py:2170} INFO - Starting attempt 1 of 2
[2025-06-26T16:08:36.733+0000] {taskinstance.py:2191} INFO - Executing <Task(PythonOperator): etl_cards_task> on 2025-06-26 16:08:11.117343+00:00
[2025-06-26T16:08:36.746+0000] {standard_task_runner.py:60} INFO - Started process 5449 to run task
[2025-06-26T16:08:36.751+0000] {standard_task_runner.py:87} INFO - Running: ['***', 'tasks', 'run', 'cards_etl', 'etl_cards_task', 'manual__2025-06-26T16:08:11.117343+00:00', '--job-id', '46', '--raw', '--subdir', 'DAGS_FOLDER/etl_cards_dag.py', '--cfg-path', '/tmp/tmpid2j87ds']
[2025-06-26T16:08:36.755+0000] {standard_task_runner.py:88} INFO - Job 46: Subtask etl_cards_task
[2025-06-26T16:08:36.821+0000] {task_command.py:423} INFO - Running <TaskInstance: cards_etl.etl_cards_task manual__2025-06-26T16:08:11.117343+00:00 [running]> on host 65da94c758f2
[2025-06-26T16:08:37.102+0000] {taskinstance.py:2480} INFO - Exporting env vars: AIRFLOW_CTX_DAG_OWNER='jimmy' AIRFLOW_CTX_DAG_ID='cards_etl' AIRFLOW_CTX_TASK_ID='etl_cards_task' AIRFLOW_CTX_EXECUTION_DATE='2025-06-26T16:08:11.117343+00:00' AIRFLOW_CTX_TRY_NUMBER='1' AIRFLOW_CTX_DAG_RUN_ID='manual__2025-06-26T16:08:11.117343+00:00'
[2025-06-26T16:08:37.104+0000] {etl_cards_dag.py:22} INFO - Starting ETL for cards
[2025-06-26T16:08:37.143+0000] {ETL_dim_card.py:21} INFO - ✅ Extracted cards_data.csv with 6146 records
[2025-06-26T16:08:37.144+0000] {ETL_dim_card.py:36} INFO - Starting transformation of CARDS data.
[2025-06-26T16:08:37.198+0000] {ETL_dim_card.py:56} INFO - Removed columns ['client_id', 'card_number', 'cvv'] from CARDS data.
[2025-06-26T16:08:37.199+0000] {ETL_dim_card.py:57} INFO - finished transformation of CARDS data.
[2025-06-26T16:08:37.205+0000] {load_data.py:34} INFO - Successfully created database connection engine.
[2025-06-26T16:08:49.797+0000] {load_data.py:81} INFO - Successfully loaded data into table 'financial.dim_card'. 6146 rows and 10 columns
[2025-06-26T16:08:49.799+0000] {etl_cards_dag.py:27} INFO - Finished ETL for cards
[2025-06-26T16:08:49.802+0000] {python.py:201} INFO - Done. Returned value was: None
[2025-06-26T16:08:49.827+0000] {taskinstance.py:1138} INFO - Marking task as SUCCESS. dag_id=cards_etl, task_id=etl_cards_task, execution_date=20250626T160811, start_date=20250626T160836, end_date=20250626T160849
[2025-06-26T16:08:49.872+0000] {local_task_job_runner.py:234} INFO - Task exited with return code 0
[2025-06-26T16:08:49.909+0000] {taskinstance.py:3280} INFO - 0 downstream tasks scheduled from follow-on schedule check
