[2025-06-26T10:05:46.285+0000] {taskinstance.py:1956} INFO - Dependencies all met for dep_context=non-requeueable deps ti=<TaskInstance: cards_etl.etl_cards_task scheduled__2025-06-25T00:00:00+00:00 [queued]>
[2025-06-26T10:05:46.319+0000] {taskinstance.py:1956} INFO - Dependencies all met for dep_context=requeueable deps ti=<TaskInstance: cards_etl.etl_cards_task scheduled__2025-06-25T00:00:00+00:00 [queued]>
[2025-06-26T10:05:46.321+0000] {taskinstance.py:2170} INFO - Starting attempt 1 of 2
[2025-06-26T10:05:46.378+0000] {taskinstance.py:2191} INFO - Executing <Task(PythonOperator): etl_cards_task> on 2025-06-25 00:00:00+00:00
[2025-06-26T10:05:46.398+0000] {standard_task_runner.py:60} INFO - Started process 1767 to run task
[2025-06-26T10:05:46.407+0000] {standard_task_runner.py:87} INFO - Running: ['***', 'tasks', 'run', 'cards_etl', 'etl_cards_task', 'scheduled__2025-06-25T00:00:00+00:00', '--job-id', '38', '--raw', '--subdir', 'DAGS_FOLDER/etl_cards_dag.py', '--cfg-path', '/tmp/tmprwxyu0oa']
[2025-06-26T10:05:46.415+0000] {standard_task_runner.py:88} INFO - Job 38: Subtask etl_cards_task
[2025-06-26T10:05:46.554+0000] {task_command.py:423} INFO - Running <TaskInstance: cards_etl.etl_cards_task scheduled__2025-06-25T00:00:00+00:00 [running]> on host 65da94c758f2
[2025-06-26T10:05:48.458+0000] {taskinstance.py:2480} INFO - Exporting env vars: AIRFLOW_CTX_DAG_OWNER='jimmy' AIRFLOW_CTX_DAG_ID='cards_etl' AIRFLOW_CTX_TASK_ID='etl_cards_task' AIRFLOW_CTX_EXECUTION_DATE='2025-06-25T00:00:00+00:00' AIRFLOW_CTX_TRY_NUMBER='1' AIRFLOW_CTX_DAG_RUN_ID='scheduled__2025-06-25T00:00:00+00:00'
[2025-06-26T10:05:48.460+0000] {etl_cards_dag.py:21} INFO - Starting ETL for cards
[2025-06-26T10:05:48.535+0000] {extract_data.py:22} INFO - ✅ Extracted cards_data.csv with 6146 records
[2025-06-26T10:05:48.573+0000] {transform_cards.py:72} INFO - Removed columns ['client_id', 'card_number', 'cvv'] from CARDS data.
[2025-06-26T10:05:48.741+0000] {transform_cards.py:92} INFO - Set data types for CARDS data.
[2025-06-26T10:05:48.751+0000] {load_data.py:34} INFO - Successfully created database connection engine.
[2025-06-26T10:06:08.488+0000] {load_data.py:81} INFO - Successfully loaded data into table 'financial.dim_card'. 6146 rows and 10 columns
[2025-06-26T10:06:08.490+0000] {etl_cards_dag.py:27} INFO - Finished ETL for cards
[2025-06-26T10:06:08.492+0000] {python.py:201} INFO - Done. Returned value was: None
[2025-06-26T10:06:08.512+0000] {taskinstance.py:1138} INFO - Marking task as SUCCESS. dag_id=cards_etl, task_id=etl_cards_task, execution_date=20250625T000000, start_date=20250626T100546, end_date=20250626T100608
[2025-06-26T10:06:08.579+0000] {local_task_job_runner.py:234} INFO - Task exited with return code 0
[2025-06-26T10:06:08.908+0000] {taskinstance.py:3280} INFO - 0 downstream tasks scheduled from follow-on schedule check
