[2025-06-26T16:08:15.551+0000] {taskinstance.py:1956} INFO - Dependencies all met for dep_context=non-requeueable deps ti=<TaskInstance: cards_etl.etl_cards_task scheduled__2025-06-26T16:04:00+00:00 [queued]>
[2025-06-26T16:08:15.586+0000] {taskinstance.py:1956} INFO - Dependencies all met for dep_context=requeueable deps ti=<TaskInstance: cards_etl.etl_cards_task scheduled__2025-06-26T16:04:00+00:00 [queued]>
[2025-06-26T16:08:15.587+0000] {taskinstance.py:2170} INFO - Starting attempt 1 of 2
[2025-06-26T16:08:15.624+0000] {taskinstance.py:2191} INFO - Executing <Task(PythonOperator): etl_cards_task> on 2025-06-26 16:04:00+00:00
[2025-06-26T16:08:15.651+0000] {standard_task_runner.py:60} INFO - Started process 5438 to run task
[2025-06-26T16:08:15.656+0000] {standard_task_runner.py:87} INFO - Running: ['***', 'tasks', 'run', 'cards_etl', 'etl_cards_task', 'scheduled__2025-06-26T16:04:00+00:00', '--job-id', '45', '--raw', '--subdir', 'DAGS_FOLDER/etl_cards_dag.py', '--cfg-path', '/tmp/tmpgystheg8']
[2025-06-26T16:08:15.661+0000] {standard_task_runner.py:88} INFO - Job 45: Subtask etl_cards_task
[2025-06-26T16:08:15.755+0000] {task_command.py:423} INFO - Running <TaskInstance: cards_etl.etl_cards_task scheduled__2025-06-26T16:04:00+00:00 [running]> on host 65da94c758f2
[2025-06-26T16:08:18.165+0000] {taskinstance.py:2480} INFO - Exporting env vars: AIRFLOW_CTX_DAG_OWNER='jimmy' AIRFLOW_CTX_DAG_ID='cards_etl' AIRFLOW_CTX_TASK_ID='etl_cards_task' AIRFLOW_CTX_EXECUTION_DATE='2025-06-26T16:04:00+00:00' AIRFLOW_CTX_TRY_NUMBER='1' AIRFLOW_CTX_DAG_RUN_ID='scheduled__2025-06-26T16:04:00+00:00'
[2025-06-26T16:08:18.167+0000] {etl_cards_dag.py:22} INFO - Starting ETL for cards
[2025-06-26T16:08:18.233+0000] {ETL_dim_card.py:21} INFO - ✅ Extracted cards_data.csv with 6146 records
[2025-06-26T16:08:18.234+0000] {ETL_dim_card.py:36} INFO - Starting transformation of CARDS data.
[2025-06-26T16:08:18.346+0000] {ETL_dim_card.py:56} INFO - Removed columns ['client_id', 'card_number', 'cvv'] from CARDS data.
[2025-06-26T16:08:18.347+0000] {ETL_dim_card.py:57} INFO - finished transformation of CARDS data.
[2025-06-26T16:08:18.362+0000] {load_data.py:34} INFO - Successfully created database connection engine.
[2025-06-26T16:08:34.390+0000] {load_data.py:81} INFO - Successfully loaded data into table 'financial.dim_card'. 6146 rows and 10 columns
[2025-06-26T16:08:34.391+0000] {etl_cards_dag.py:27} INFO - Finished ETL for cards
[2025-06-26T16:08:34.393+0000] {python.py:201} INFO - Done. Returned value was: None
[2025-06-26T16:08:34.408+0000] {taskinstance.py:1138} INFO - Marking task as SUCCESS. dag_id=cards_etl, task_id=etl_cards_task, execution_date=20250626T160400, start_date=20250626T160815, end_date=20250626T160834
[2025-06-26T16:08:34.477+0000] {local_task_job_runner.py:234} INFO - Task exited with return code 0
[2025-06-26T16:08:34.712+0000] {taskinstance.py:3280} INFO - 0 downstream tasks scheduled from follow-on schedule check
