[2025-06-30T10:59:30.623+0000] {processor.py:161} INFO - Started process (PID=9894) to work on /opt/airflow/dags/etl_dim_cards_dag.py
[2025-06-30T10:59:30.628+0000] {processor.py:830} INFO - Processing file /opt/airflow/dags/etl_dim_cards_dag.py for tasks to queue
[2025-06-30T10:59:30.631+0000] {logging_mixin.py:188} INFO - [2025-06-30T10:59:30.630+0000] {dagbag.py:538} INFO - Filling up the DagBag from /opt/airflow/dags/etl_dim_cards_dag.py
[2025-06-30T10:59:31.567+0000] {processor.py:840} INFO - DAG(s) 'cards_etl' retrieved from /opt/airflow/dags/etl_dim_cards_dag.py
[2025-06-30T10:59:32.190+0000] {logging_mixin.py:188} INFO - [2025-06-30T10:59:32.190+0000] {dag.py:3036} INFO - Sync 1 DAGs
[2025-06-30T10:59:32.247+0000] {logging_mixin.py:188} INFO - [2025-06-30T10:59:32.245+0000] {dag.py:3823} INFO - Setting next_dagrun for cards_etl to 2025-06-30 00:00:00+00:00, run_after=2025-07-01 00:00:00+00:00
[2025-06-30T10:59:32.329+0000] {processor.py:183} INFO - Processing /opt/airflow/dags/etl_dim_cards_dag.py took 1.716 seconds
[2025-06-30T10:59:38.860+0000] {processor.py:161} INFO - Started process (PID=9896) to work on /opt/airflow/dags/etl_dim_cards_dag.py
[2025-06-30T10:59:38.866+0000] {processor.py:830} INFO - Processing file /opt/airflow/dags/etl_dim_cards_dag.py for tasks to queue
[2025-06-30T10:59:38.870+0000] {logging_mixin.py:188} INFO - [2025-06-30T10:59:38.868+0000] {dagbag.py:538} INFO - Filling up the DagBag from /opt/airflow/dags/etl_dim_cards_dag.py
[2025-06-30T10:59:39.770+0000] {processor.py:840} INFO - DAG(s) 'cards_etl' retrieved from /opt/airflow/dags/etl_dim_cards_dag.py
[2025-06-30T10:59:39.803+0000] {logging_mixin.py:188} INFO - [2025-06-30T10:59:39.802+0000] {dag.py:3036} INFO - Sync 1 DAGs
[2025-06-30T10:59:39.861+0000] {logging_mixin.py:188} INFO - [2025-06-30T10:59:39.860+0000] {dag.py:3823} INFO - Setting next_dagrun for cards_etl to 2025-06-30 00:00:00+00:00, run_after=2025-07-01 00:00:00+00:00
[2025-06-30T10:59:39.979+0000] {processor.py:183} INFO - Processing /opt/airflow/dags/etl_dim_cards_dag.py took 1.135 seconds
[2025-06-30T10:59:41.929+0000] {processor.py:161} INFO - Started process (PID=9898) to work on /opt/airflow/dags/etl_dim_cards_dag.py
[2025-06-30T10:59:41.931+0000] {processor.py:830} INFO - Processing file /opt/airflow/dags/etl_dim_cards_dag.py for tasks to queue
[2025-06-30T10:59:41.933+0000] {logging_mixin.py:188} INFO - [2025-06-30T10:59:41.933+0000] {dagbag.py:538} INFO - Filling up the DagBag from /opt/airflow/dags/etl_dim_cards_dag.py
[2025-06-30T10:59:42.772+0000] {processor.py:840} INFO - DAG(s) 'cards_etl' retrieved from /opt/airflow/dags/etl_dim_cards_dag.py
[2025-06-30T10:59:42.799+0000] {logging_mixin.py:188} INFO - [2025-06-30T10:59:42.798+0000] {dag.py:3036} INFO - Sync 1 DAGs
[2025-06-30T10:59:42.872+0000] {logging_mixin.py:188} INFO - [2025-06-30T10:59:42.871+0000] {dag.py:3823} INFO - Setting next_dagrun for cards_etl to 2025-06-30 00:00:00+00:00, run_after=2025-07-01 00:00:00+00:00
[2025-06-30T10:59:42.932+0000] {processor.py:183} INFO - Processing /opt/airflow/dags/etl_dim_cards_dag.py took 1.012 seconds
[2025-06-30T10:59:44.135+0000] {processor.py:161} INFO - Started process (PID=9900) to work on /opt/airflow/dags/etl_dim_cards_dag.py
[2025-06-30T10:59:44.138+0000] {processor.py:830} INFO - Processing file /opt/airflow/dags/etl_dim_cards_dag.py for tasks to queue
[2025-06-30T10:59:44.142+0000] {logging_mixin.py:188} INFO - [2025-06-30T10:59:44.141+0000] {dagbag.py:538} INFO - Filling up the DagBag from /opt/airflow/dags/etl_dim_cards_dag.py
[2025-06-30T10:59:45.055+0000] {processor.py:840} INFO - DAG(s) 'cards_etl' retrieved from /opt/airflow/dags/etl_dim_cards_dag.py
[2025-06-30T10:59:45.080+0000] {logging_mixin.py:188} INFO - [2025-06-30T10:59:45.079+0000] {dag.py:3036} INFO - Sync 1 DAGs
[2025-06-30T10:59:45.141+0000] {logging_mixin.py:188} INFO - [2025-06-30T10:59:45.140+0000] {dag.py:3823} INFO - Setting next_dagrun for cards_etl to 2025-06-30 00:00:00+00:00, run_after=2025-07-01 00:00:00+00:00
[2025-06-30T10:59:45.262+0000] {processor.py:183} INFO - Processing /opt/airflow/dags/etl_dim_cards_dag.py took 1.135 seconds
[2025-06-30T11:00:15.599+0000] {processor.py:161} INFO - Started process (PID=9908) to work on /opt/airflow/dags/etl_dim_cards_dag.py
[2025-06-30T11:00:15.604+0000] {processor.py:830} INFO - Processing file /opt/airflow/dags/etl_dim_cards_dag.py for tasks to queue
[2025-06-30T11:00:15.608+0000] {logging_mixin.py:188} INFO - [2025-06-30T11:00:15.606+0000] {dagbag.py:538} INFO - Filling up the DagBag from /opt/airflow/dags/etl_dim_cards_dag.py
[2025-06-30T11:00:16.506+0000] {processor.py:840} INFO - DAG(s) 'cards_etl' retrieved from /opt/airflow/dags/etl_dim_cards_dag.py
[2025-06-30T11:00:16.574+0000] {logging_mixin.py:188} INFO - [2025-06-30T11:00:16.572+0000] {dag.py:3036} INFO - Sync 1 DAGs
[2025-06-30T11:00:16.647+0000] {logging_mixin.py:188} INFO - [2025-06-30T11:00:16.646+0000] {dag.py:3823} INFO - Setting next_dagrun for cards_etl to 2025-06-30 00:00:00+00:00, run_after=2025-07-01 00:00:00+00:00
[2025-06-30T11:00:16.764+0000] {processor.py:183} INFO - Processing /opt/airflow/dags/etl_dim_cards_dag.py took 1.176 seconds
[2025-06-30T11:00:47.027+0000] {processor.py:161} INFO - Started process (PID=9916) to work on /opt/airflow/dags/etl_dim_cards_dag.py
[2025-06-30T11:00:47.030+0000] {processor.py:830} INFO - Processing file /opt/airflow/dags/etl_dim_cards_dag.py for tasks to queue
[2025-06-30T11:00:47.033+0000] {logging_mixin.py:188} INFO - [2025-06-30T11:00:47.032+0000] {dagbag.py:538} INFO - Filling up the DagBag from /opt/airflow/dags/etl_dim_cards_dag.py
[2025-06-30T11:00:47.882+0000] {logging_mixin.py:188} INFO - [2025-06-30T11:00:47.859+0000] {dagbag.py:348} ERROR - Failed to import: /opt/airflow/dags/etl_dim_cards_dag.py
Traceback (most recent call last):
  File "/home/airflow/.local/lib/python3.8/site-packages/airflow/models/dagbag.py", line 344, in parse
    loader.exec_module(new_module)
  File "<frozen importlib._bootstrap_external>", line 843, in exec_module
  File "<frozen importlib._bootstrap>", line 219, in _call_with_frames_removed
  File "/opt/airflow/dags/etl_dim_cards_dag.py", line 15, in <module>
    import ETL.ETL_dim_card as etl_dim_card
ModuleNotFoundError: No module named 'ETL.ETL_dim_card'
[2025-06-30T11:00:47.886+0000] {processor.py:842} WARNING - No viable dags retrieved from /opt/airflow/dags/etl_dim_cards_dag.py
[2025-06-30T11:00:47.969+0000] {processor.py:183} INFO - Processing /opt/airflow/dags/etl_dim_cards_dag.py took 0.948 seconds
[2025-06-30T11:00:55.187+0000] {processor.py:161} INFO - Started process (PID=9925) to work on /opt/airflow/dags/etl_dim_cards_dag.py
[2025-06-30T11:00:55.189+0000] {processor.py:830} INFO - Processing file /opt/airflow/dags/etl_dim_cards_dag.py for tasks to queue
[2025-06-30T11:00:55.192+0000] {logging_mixin.py:188} INFO - [2025-06-30T11:00:55.191+0000] {dagbag.py:538} INFO - Filling up the DagBag from /opt/airflow/dags/etl_dim_cards_dag.py
[2025-06-30T11:00:56.010+0000] {logging_mixin.py:188} INFO - [2025-06-30T11:00:55.999+0000] {dagbag.py:348} ERROR - Failed to import: /opt/airflow/dags/etl_dim_cards_dag.py
Traceback (most recent call last):
  File "/home/airflow/.local/lib/python3.8/site-packages/airflow/models/dagbag.py", line 344, in parse
    loader.exec_module(new_module)
  File "<frozen importlib._bootstrap_external>", line 843, in exec_module
  File "<frozen importlib._bootstrap>", line 219, in _call_with_frames_removed
  File "/opt/airflow/dags/etl_dim_cards_dag.py", line 15, in <module>
    import ETL.transform as etl_dim_card
ModuleNotFoundError: No module named 'ETL.transform'
[2025-06-30T11:00:56.015+0000] {processor.py:842} WARNING - No viable dags retrieved from /opt/airflow/dags/etl_dim_cards_dag.py
[2025-06-30T11:00:56.061+0000] {processor.py:183} INFO - Processing /opt/airflow/dags/etl_dim_cards_dag.py took 0.881 seconds
[2025-06-30T11:00:57.193+0000] {processor.py:161} INFO - Started process (PID=9927) to work on /opt/airflow/dags/etl_dim_cards_dag.py
[2025-06-30T11:00:57.195+0000] {processor.py:830} INFO - Processing file /opt/airflow/dags/etl_dim_cards_dag.py for tasks to queue
[2025-06-30T11:00:57.198+0000] {logging_mixin.py:188} INFO - [2025-06-30T11:00:57.197+0000] {dagbag.py:538} INFO - Filling up the DagBag from /opt/airflow/dags/etl_dim_cards_dag.py
[2025-06-30T11:00:57.985+0000] {logging_mixin.py:188} INFO - [2025-06-30T11:00:57.975+0000] {dagbag.py:348} ERROR - Failed to import: /opt/airflow/dags/etl_dim_cards_dag.py
Traceback (most recent call last):
  File "/home/airflow/.local/lib/python3.8/site-packages/airflow/models/dagbag.py", line 344, in parse
    loader.exec_module(new_module)
  File "<frozen importlib._bootstrap_external>", line 843, in exec_module
  File "<frozen importlib._bootstrap>", line 219, in _call_with_frames_removed
  File "/opt/airflow/dags/etl_dim_cards_dag.py", line 15, in <module>
    import ETL.transform_ as etl_dim_card
ModuleNotFoundError: No module named 'ETL.transform_'
[2025-06-30T11:00:57.989+0000] {processor.py:842} WARNING - No viable dags retrieved from /opt/airflow/dags/etl_dim_cards_dag.py
[2025-06-30T11:00:58.043+0000] {processor.py:183} INFO - Processing /opt/airflow/dags/etl_dim_cards_dag.py took 0.855 seconds
[2025-06-30T11:01:00.194+0000] {processor.py:161} INFO - Started process (PID=9929) to work on /opt/airflow/dags/etl_dim_cards_dag.py
[2025-06-30T11:01:00.197+0000] {processor.py:830} INFO - Processing file /opt/airflow/dags/etl_dim_cards_dag.py for tasks to queue
[2025-06-30T11:01:00.201+0000] {logging_mixin.py:188} INFO - [2025-06-30T11:01:00.200+0000] {dagbag.py:538} INFO - Filling up the DagBag from /opt/airflow/dags/etl_dim_cards_dag.py
[2025-06-30T11:01:01.104+0000] {logging_mixin.py:188} INFO - [2025-06-30T11:01:01.091+0000] {dagbag.py:348} ERROR - Failed to import: /opt/airflow/dags/etl_dim_cards_dag.py
Traceback (most recent call last):
  File "/home/airflow/.local/lib/python3.8/site-packages/airflow/models/dagbag.py", line 344, in parse
    loader.exec_module(new_module)
  File "<frozen importlib._bootstrap_external>", line 843, in exec_module
  File "<frozen importlib._bootstrap>", line 219, in _call_with_frames_removed
  File "/opt/airflow/dags/etl_dim_cards_dag.py", line 15, in <module>
    import ETL.transform_dim as etl_dim_card
ModuleNotFoundError: No module named 'ETL.transform_dim'
[2025-06-30T11:01:01.108+0000] {processor.py:842} WARNING - No viable dags retrieved from /opt/airflow/dags/etl_dim_cards_dag.py
[2025-06-30T11:01:01.158+0000] {processor.py:183} INFO - Processing /opt/airflow/dags/etl_dim_cards_dag.py took 0.976 seconds
[2025-06-30T11:01:03.261+0000] {processor.py:161} INFO - Started process (PID=9931) to work on /opt/airflow/dags/etl_dim_cards_dag.py
[2025-06-30T11:01:03.263+0000] {processor.py:830} INFO - Processing file /opt/airflow/dags/etl_dim_cards_dag.py for tasks to queue
[2025-06-30T11:01:03.265+0000] {logging_mixin.py:188} INFO - [2025-06-30T11:01:03.265+0000] {dagbag.py:538} INFO - Filling up the DagBag from /opt/airflow/dags/etl_dim_cards_dag.py
[2025-06-30T11:01:04.049+0000] {processor.py:840} INFO - DAG(s) 'cards_etl' retrieved from /opt/airflow/dags/etl_dim_cards_dag.py
[2025-06-30T11:01:04.111+0000] {logging_mixin.py:188} INFO - [2025-06-30T11:01:04.110+0000] {dag.py:3036} INFO - Sync 1 DAGs
[2025-06-30T11:01:04.162+0000] {logging_mixin.py:188} INFO - [2025-06-30T11:01:04.161+0000] {dag.py:3823} INFO - Setting next_dagrun for cards_etl to 2025-06-30 00:00:00+00:00, run_after=2025-07-01 00:00:00+00:00
[2025-06-30T11:01:04.264+0000] {processor.py:183} INFO - Processing /opt/airflow/dags/etl_dim_cards_dag.py took 1.008 seconds
[2025-06-30T11:01:13.473+0000] {processor.py:161} INFO - Started process (PID=9933) to work on /opt/airflow/dags/etl_dim_cards_dag.py
[2025-06-30T11:01:13.476+0000] {processor.py:830} INFO - Processing file /opt/airflow/dags/etl_dim_cards_dag.py for tasks to queue
[2025-06-30T11:01:13.478+0000] {logging_mixin.py:188} INFO - [2025-06-30T11:01:13.478+0000] {dagbag.py:538} INFO - Filling up the DagBag from /opt/airflow/dags/etl_dim_cards_dag.py
[2025-06-30T11:01:14.243+0000] {processor.py:840} INFO - DAG(s) 'cards_etl' retrieved from /opt/airflow/dags/etl_dim_cards_dag.py
[2025-06-30T11:01:14.352+0000] {logging_mixin.py:188} INFO - [2025-06-30T11:01:14.351+0000] {dag.py:3036} INFO - Sync 1 DAGs
[2025-06-30T11:01:14.421+0000] {logging_mixin.py:188} INFO - [2025-06-30T11:01:14.420+0000] {dag.py:3823} INFO - Setting next_dagrun for cards_etl to 2025-06-30 00:00:00+00:00, run_after=2025-07-01 00:00:00+00:00
[2025-06-30T11:01:14.487+0000] {processor.py:183} INFO - Processing /opt/airflow/dags/etl_dim_cards_dag.py took 1.019 seconds
[2025-06-30T11:01:17.626+0000] {processor.py:161} INFO - Started process (PID=9935) to work on /opt/airflow/dags/etl_dim_cards_dag.py
[2025-06-30T11:01:17.629+0000] {processor.py:830} INFO - Processing file /opt/airflow/dags/etl_dim_cards_dag.py for tasks to queue
[2025-06-30T11:01:17.632+0000] {logging_mixin.py:188} INFO - [2025-06-30T11:01:17.631+0000] {dagbag.py:538} INFO - Filling up the DagBag from /opt/airflow/dags/etl_dim_cards_dag.py
[2025-06-30T11:01:18.716+0000] {processor.py:840} INFO - DAG(s) 'cards_etl' retrieved from /opt/airflow/dags/etl_dim_cards_dag.py
[2025-06-30T11:01:18.795+0000] {logging_mixin.py:188} INFO - [2025-06-30T11:01:18.793+0000] {dag.py:3036} INFO - Sync 1 DAGs
[2025-06-30T11:01:18.868+0000] {logging_mixin.py:188} INFO - [2025-06-30T11:01:18.868+0000] {dag.py:3823} INFO - Setting next_dagrun for cards_etl to 2025-06-30 00:00:00+00:00, run_after=2025-07-01 00:00:00+00:00
[2025-06-30T11:01:18.933+0000] {processor.py:183} INFO - Processing /opt/airflow/dags/etl_dim_cards_dag.py took 1.313 seconds
[2025-06-30T11:01:19.736+0000] {processor.py:161} INFO - Started process (PID=9944) to work on /opt/airflow/dags/etl_dim_cards_dag.py
[2025-06-30T11:01:19.739+0000] {processor.py:830} INFO - Processing file /opt/airflow/dags/etl_dim_cards_dag.py for tasks to queue
[2025-06-30T11:01:19.742+0000] {logging_mixin.py:188} INFO - [2025-06-30T11:01:19.741+0000] {dagbag.py:538} INFO - Filling up the DagBag from /opt/airflow/dags/etl_dim_cards_dag.py
[2025-06-30T11:01:20.583+0000] {processor.py:840} INFO - DAG(s) 'cards_etl' retrieved from /opt/airflow/dags/etl_dim_cards_dag.py
[2025-06-30T11:01:20.636+0000] {logging_mixin.py:188} INFO - [2025-06-30T11:01:20.635+0000] {dag.py:3036} INFO - Sync 1 DAGs
[2025-06-30T11:01:20.691+0000] {logging_mixin.py:188} INFO - [2025-06-30T11:01:20.690+0000] {dag.py:3823} INFO - Setting next_dagrun for cards_etl to 2025-06-30 00:00:00+00:00, run_after=2025-07-01 00:00:00+00:00
[2025-06-30T11:01:20.803+0000] {processor.py:183} INFO - Processing /opt/airflow/dags/etl_dim_cards_dag.py took 1.077 seconds
[2025-06-30T11:01:25.797+0000] {processor.py:161} INFO - Started process (PID=9946) to work on /opt/airflow/dags/etl_dim_cards_dag.py
[2025-06-30T11:01:25.800+0000] {processor.py:830} INFO - Processing file /opt/airflow/dags/etl_dim_cards_dag.py for tasks to queue
[2025-06-30T11:01:25.805+0000] {logging_mixin.py:188} INFO - [2025-06-30T11:01:25.803+0000] {dagbag.py:538} INFO - Filling up the DagBag from /opt/airflow/dags/etl_dim_cards_dag.py
[2025-06-30T11:01:26.834+0000] {processor.py:840} INFO - DAG(s) 'cards_etl' retrieved from /opt/airflow/dags/etl_dim_cards_dag.py
[2025-06-30T11:01:26.921+0000] {logging_mixin.py:188} INFO - [2025-06-30T11:01:26.919+0000] {dag.py:3036} INFO - Sync 1 DAGs
[2025-06-30T11:01:26.991+0000] {logging_mixin.py:188} INFO - [2025-06-30T11:01:26.990+0000] {dag.py:3823} INFO - Setting next_dagrun for cards_etl to 2025-06-30 00:00:00+00:00, run_after=2025-07-01 00:00:00+00:00
[2025-06-30T11:01:27.130+0000] {processor.py:183} INFO - Processing /opt/airflow/dags/etl_dim_cards_dag.py took 1.344 seconds
[2025-06-30T11:01:33.095+0000] {processor.py:161} INFO - Started process (PID=9948) to work on /opt/airflow/dags/etl_dim_cards_dag.py
[2025-06-30T11:01:33.097+0000] {processor.py:830} INFO - Processing file /opt/airflow/dags/etl_dim_cards_dag.py for tasks to queue
[2025-06-30T11:01:33.100+0000] {logging_mixin.py:188} INFO - [2025-06-30T11:01:33.099+0000] {dagbag.py:538} INFO - Filling up the DagBag from /opt/airflow/dags/etl_dim_cards_dag.py
[2025-06-30T11:01:33.930+0000] {processor.py:840} INFO - DAG(s) 'cards_etl' retrieved from /opt/airflow/dags/etl_dim_cards_dag.py
[2025-06-30T11:01:33.996+0000] {logging_mixin.py:188} INFO - [2025-06-30T11:01:33.993+0000] {dag.py:3036} INFO - Sync 1 DAGs
[2025-06-30T11:01:34.056+0000] {logging_mixin.py:188} INFO - [2025-06-30T11:01:34.056+0000] {dag.py:3823} INFO - Setting next_dagrun for cards_etl to 2025-06-30 00:00:00+00:00, run_after=2025-07-01 00:00:00+00:00
[2025-06-30T11:01:34.157+0000] {processor.py:183} INFO - Processing /opt/airflow/dags/etl_dim_cards_dag.py took 1.069 seconds
[2025-06-30T11:01:36.299+0000] {processor.py:161} INFO - Started process (PID=9950) to work on /opt/airflow/dags/etl_dim_cards_dag.py
[2025-06-30T11:01:36.302+0000] {processor.py:830} INFO - Processing file /opt/airflow/dags/etl_dim_cards_dag.py for tasks to queue
[2025-06-30T11:01:36.305+0000] {logging_mixin.py:188} INFO - [2025-06-30T11:01:36.304+0000] {dagbag.py:538} INFO - Filling up the DagBag from /opt/airflow/dags/etl_dim_cards_dag.py
[2025-06-30T11:01:37.226+0000] {processor.py:840} INFO - DAG(s) 'cards_etl' retrieved from /opt/airflow/dags/etl_dim_cards_dag.py
[2025-06-30T11:01:37.286+0000] {logging_mixin.py:188} INFO - [2025-06-30T11:01:37.281+0000] {dag.py:3036} INFO - Sync 1 DAGs
[2025-06-30T11:01:37.337+0000] {logging_mixin.py:188} INFO - [2025-06-30T11:01:37.336+0000] {dag.py:3823} INFO - Setting next_dagrun for cards_etl to 2025-06-30 00:00:00+00:00, run_after=2025-07-01 00:00:00+00:00
[2025-06-30T11:01:37.442+0000] {processor.py:183} INFO - Processing /opt/airflow/dags/etl_dim_cards_dag.py took 1.153 seconds
[2025-06-30T11:02:07.797+0000] {processor.py:161} INFO - Started process (PID=9958) to work on /opt/airflow/dags/etl_dim_cards_dag.py
[2025-06-30T11:02:07.800+0000] {processor.py:830} INFO - Processing file /opt/airflow/dags/etl_dim_cards_dag.py for tasks to queue
[2025-06-30T11:02:07.803+0000] {logging_mixin.py:188} INFO - [2025-06-30T11:02:07.802+0000] {dagbag.py:538} INFO - Filling up the DagBag from /opt/airflow/dags/etl_dim_cards_dag.py
[2025-06-30T11:02:08.595+0000] {processor.py:840} INFO - DAG(s) 'cards_etl' retrieved from /opt/airflow/dags/etl_dim_cards_dag.py
[2025-06-30T11:02:08.650+0000] {logging_mixin.py:188} INFO - [2025-06-30T11:02:08.649+0000] {dag.py:3036} INFO - Sync 1 DAGs
[2025-06-30T11:02:08.710+0000] {logging_mixin.py:188} INFO - [2025-06-30T11:02:08.709+0000] {dag.py:3823} INFO - Setting next_dagrun for cards_etl to 2025-06-30 00:00:00+00:00, run_after=2025-07-01 00:00:00+00:00
[2025-06-30T11:02:08.822+0000] {processor.py:183} INFO - Processing /opt/airflow/dags/etl_dim_cards_dag.py took 1.033 seconds
[2025-06-30T11:02:39.221+0000] {processor.py:161} INFO - Started process (PID=9966) to work on /opt/airflow/dags/etl_dim_cards_dag.py
[2025-06-30T11:02:39.225+0000] {processor.py:830} INFO - Processing file /opt/airflow/dags/etl_dim_cards_dag.py for tasks to queue
[2025-06-30T11:02:39.229+0000] {logging_mixin.py:188} INFO - [2025-06-30T11:02:39.228+0000] {dagbag.py:538} INFO - Filling up the DagBag from /opt/airflow/dags/etl_dim_cards_dag.py
[2025-06-30T11:02:40.048+0000] {processor.py:840} INFO - DAG(s) 'cards_etl' retrieved from /opt/airflow/dags/etl_dim_cards_dag.py
[2025-06-30T11:02:40.169+0000] {logging_mixin.py:188} INFO - [2025-06-30T11:02:40.167+0000] {dag.py:3036} INFO - Sync 1 DAGs
[2025-06-30T11:02:40.237+0000] {logging_mixin.py:188} INFO - [2025-06-30T11:02:40.236+0000] {dag.py:3823} INFO - Setting next_dagrun for cards_etl to 2025-06-30 00:00:00+00:00, run_after=2025-07-01 00:00:00+00:00
[2025-06-30T11:02:40.282+0000] {processor.py:183} INFO - Processing /opt/airflow/dags/etl_dim_cards_dag.py took 1.072 seconds
[2025-06-30T11:03:10.605+0000] {processor.py:161} INFO - Started process (PID=9974) to work on /opt/airflow/dags/etl_dim_cards_dag.py
[2025-06-30T11:03:10.608+0000] {processor.py:830} INFO - Processing file /opt/airflow/dags/etl_dim_cards_dag.py for tasks to queue
[2025-06-30T11:03:10.611+0000] {logging_mixin.py:188} INFO - [2025-06-30T11:03:10.610+0000] {dagbag.py:538} INFO - Filling up the DagBag from /opt/airflow/dags/etl_dim_cards_dag.py
[2025-06-30T11:03:11.452+0000] {processor.py:840} INFO - DAG(s) 'cards_etl' retrieved from /opt/airflow/dags/etl_dim_cards_dag.py
[2025-06-30T11:03:11.523+0000] {logging_mixin.py:188} INFO - [2025-06-30T11:03:11.522+0000] {dag.py:3036} INFO - Sync 1 DAGs
[2025-06-30T11:03:11.587+0000] {logging_mixin.py:188} INFO - [2025-06-30T11:03:11.586+0000] {dag.py:3823} INFO - Setting next_dagrun for cards_etl to 2025-06-30 00:00:00+00:00, run_after=2025-07-01 00:00:00+00:00
[2025-06-30T11:03:11.643+0000] {processor.py:183} INFO - Processing /opt/airflow/dags/etl_dim_cards_dag.py took 1.045 seconds
[2025-06-30T11:03:42.106+0000] {processor.py:161} INFO - Started process (PID=9983) to work on /opt/airflow/dags/etl_dim_cards_dag.py
[2025-06-30T11:03:42.109+0000] {processor.py:830} INFO - Processing file /opt/airflow/dags/etl_dim_cards_dag.py for tasks to queue
[2025-06-30T11:03:42.112+0000] {logging_mixin.py:188} INFO - [2025-06-30T11:03:42.111+0000] {dagbag.py:538} INFO - Filling up the DagBag from /opt/airflow/dags/etl_dim_cards_dag.py
[2025-06-30T11:03:42.908+0000] {processor.py:840} INFO - DAG(s) 'cards_etl' retrieved from /opt/airflow/dags/etl_dim_cards_dag.py
[2025-06-30T11:03:42.975+0000] {logging_mixin.py:188} INFO - [2025-06-30T11:03:42.974+0000] {dag.py:3036} INFO - Sync 1 DAGs
[2025-06-30T11:03:43.053+0000] {logging_mixin.py:188} INFO - [2025-06-30T11:03:43.052+0000] {dag.py:3823} INFO - Setting next_dagrun for cards_etl to 2025-06-30 00:00:00+00:00, run_after=2025-07-01 00:00:00+00:00
[2025-06-30T11:03:43.171+0000] {processor.py:183} INFO - Processing /opt/airflow/dags/etl_dim_cards_dag.py took 1.073 seconds
[2025-06-30T11:04:13.517+0000] {processor.py:161} INFO - Started process (PID=9991) to work on /opt/airflow/dags/etl_dim_cards_dag.py
[2025-06-30T11:04:13.520+0000] {processor.py:830} INFO - Processing file /opt/airflow/dags/etl_dim_cards_dag.py for tasks to queue
[2025-06-30T11:04:13.523+0000] {logging_mixin.py:188} INFO - [2025-06-30T11:04:13.522+0000] {dagbag.py:538} INFO - Filling up the DagBag from /opt/airflow/dags/etl_dim_cards_dag.py
[2025-06-30T11:04:14.371+0000] {processor.py:840} INFO - DAG(s) 'cards_etl' retrieved from /opt/airflow/dags/etl_dim_cards_dag.py
[2025-06-30T11:04:14.442+0000] {logging_mixin.py:188} INFO - [2025-06-30T11:04:14.440+0000] {dag.py:3036} INFO - Sync 1 DAGs
[2025-06-30T11:04:14.508+0000] {logging_mixin.py:188} INFO - [2025-06-30T11:04:14.507+0000] {dag.py:3823} INFO - Setting next_dagrun for cards_etl to 2025-06-30 00:00:00+00:00, run_after=2025-07-01 00:00:00+00:00
[2025-06-30T11:04:14.634+0000] {processor.py:183} INFO - Processing /opt/airflow/dags/etl_dim_cards_dag.py took 1.193 seconds
[2025-06-30T11:04:45.105+0000] {processor.py:161} INFO - Started process (PID=9999) to work on /opt/airflow/dags/etl_dim_cards_dag.py
[2025-06-30T11:04:45.108+0000] {processor.py:830} INFO - Processing file /opt/airflow/dags/etl_dim_cards_dag.py for tasks to queue
[2025-06-30T11:04:45.111+0000] {logging_mixin.py:188} INFO - [2025-06-30T11:04:45.110+0000] {dagbag.py:538} INFO - Filling up the DagBag from /opt/airflow/dags/etl_dim_cards_dag.py
[2025-06-30T11:04:46.024+0000] {processor.py:840} INFO - DAG(s) 'cards_etl' retrieved from /opt/airflow/dags/etl_dim_cards_dag.py
[2025-06-30T11:04:46.083+0000] {logging_mixin.py:188} INFO - [2025-06-30T11:04:46.080+0000] {dag.py:3036} INFO - Sync 1 DAGs
[2025-06-30T11:04:46.135+0000] {logging_mixin.py:188} INFO - [2025-06-30T11:04:46.135+0000] {dag.py:3823} INFO - Setting next_dagrun for cards_etl to 2025-06-30 00:00:00+00:00, run_after=2025-07-01 00:00:00+00:00
[2025-06-30T11:04:46.180+0000] {processor.py:183} INFO - Processing /opt/airflow/dags/etl_dim_cards_dag.py took 1.083 seconds
[2025-06-30T11:05:16.546+0000] {processor.py:161} INFO - Started process (PID=10007) to work on /opt/airflow/dags/etl_dim_cards_dag.py
[2025-06-30T11:05:16.550+0000] {processor.py:830} INFO - Processing file /opt/airflow/dags/etl_dim_cards_dag.py for tasks to queue
[2025-06-30T11:05:16.554+0000] {logging_mixin.py:188} INFO - [2025-06-30T11:05:16.553+0000] {dagbag.py:538} INFO - Filling up the DagBag from /opt/airflow/dags/etl_dim_cards_dag.py
[2025-06-30T11:05:17.423+0000] {processor.py:840} INFO - DAG(s) 'cards_etl' retrieved from /opt/airflow/dags/etl_dim_cards_dag.py
[2025-06-30T11:05:17.490+0000] {logging_mixin.py:188} INFO - [2025-06-30T11:05:17.489+0000] {dag.py:3036} INFO - Sync 1 DAGs
[2025-06-30T11:05:17.555+0000] {logging_mixin.py:188} INFO - [2025-06-30T11:05:17.554+0000] {dag.py:3823} INFO - Setting next_dagrun for cards_etl to 2025-06-30 00:00:00+00:00, run_after=2025-07-01 00:00:00+00:00
[2025-06-30T11:05:17.676+0000] {processor.py:183} INFO - Processing /opt/airflow/dags/etl_dim_cards_dag.py took 1.140 seconds
[2025-06-30T11:05:48.058+0000] {processor.py:161} INFO - Started process (PID=10016) to work on /opt/airflow/dags/etl_dim_cards_dag.py
[2025-06-30T11:05:48.061+0000] {processor.py:830} INFO - Processing file /opt/airflow/dags/etl_dim_cards_dag.py for tasks to queue
[2025-06-30T11:05:48.064+0000] {logging_mixin.py:188} INFO - [2025-06-30T11:05:48.063+0000] {dagbag.py:538} INFO - Filling up the DagBag from /opt/airflow/dags/etl_dim_cards_dag.py
[2025-06-30T11:05:48.873+0000] {processor.py:840} INFO - DAG(s) 'cards_etl' retrieved from /opt/airflow/dags/etl_dim_cards_dag.py
[2025-06-30T11:05:48.949+0000] {logging_mixin.py:188} INFO - [2025-06-30T11:05:48.947+0000] {dag.py:3036} INFO - Sync 1 DAGs
[2025-06-30T11:05:49.000+0000] {logging_mixin.py:188} INFO - [2025-06-30T11:05:48.999+0000] {dag.py:3823} INFO - Setting next_dagrun for cards_etl to 2025-06-30 00:00:00+00:00, run_after=2025-07-01 00:00:00+00:00
[2025-06-30T11:05:49.104+0000] {processor.py:183} INFO - Processing /opt/airflow/dags/etl_dim_cards_dag.py took 1.053 seconds
[2025-06-30T11:06:19.565+0000] {processor.py:161} INFO - Started process (PID=10024) to work on /opt/airflow/dags/etl_dim_cards_dag.py
[2025-06-30T11:06:19.568+0000] {processor.py:830} INFO - Processing file /opt/airflow/dags/etl_dim_cards_dag.py for tasks to queue
[2025-06-30T11:06:19.571+0000] {logging_mixin.py:188} INFO - [2025-06-30T11:06:19.570+0000] {dagbag.py:538} INFO - Filling up the DagBag from /opt/airflow/dags/etl_dim_cards_dag.py
[2025-06-30T11:06:20.821+0000] {logging_mixin.py:188} INFO - [2025-06-30T11:06:20.765+0000] {dagbag.py:348} ERROR - Failed to import: /opt/airflow/dags/etl_dim_cards_dag.py
Traceback (most recent call last):
  File "/home/airflow/.local/lib/python3.8/site-packages/airflow/models/dagbag.py", line 344, in parse
    loader.exec_module(new_module)
  File "<frozen importlib._bootstrap_external>", line 843, in exec_module
  File "<frozen importlib._bootstrap>", line 219, in _call_with_frames_removed
  File "/opt/airflow/dags/etl_dim_cards_dag.py", line 15, in <module>
    import ETL.transform_dim_card as transform
  File "/opt/airflow/ETL/transform_dim_card.py", line 17
    critical_columns = ['card_id']
    ^
IndentationError: unexpected indent
[2025-06-30T11:06:20.825+0000] {processor.py:842} WARNING - No viable dags retrieved from /opt/airflow/dags/etl_dim_cards_dag.py
[2025-06-30T11:06:20.882+0000] {processor.py:183} INFO - Processing /opt/airflow/dags/etl_dim_cards_dag.py took 1.328 seconds
[2025-06-30T11:06:51.022+0000] {processor.py:161} INFO - Started process (PID=10038) to work on /opt/airflow/dags/etl_dim_cards_dag.py
[2025-06-30T11:06:51.026+0000] {processor.py:830} INFO - Processing file /opt/airflow/dags/etl_dim_cards_dag.py for tasks to queue
[2025-06-30T11:06:51.029+0000] {logging_mixin.py:188} INFO - [2025-06-30T11:06:51.028+0000] {dagbag.py:538} INFO - Filling up the DagBag from /opt/airflow/dags/etl_dim_cards_dag.py
[2025-06-30T11:06:51.851+0000] {processor.py:840} INFO - DAG(s) 'cards_etl' retrieved from /opt/airflow/dags/etl_dim_cards_dag.py
[2025-06-30T11:06:51.939+0000] {logging_mixin.py:188} INFO - [2025-06-30T11:06:51.937+0000] {dag.py:3036} INFO - Sync 1 DAGs
[2025-06-30T11:06:52.006+0000] {logging_mixin.py:188} INFO - [2025-06-30T11:06:52.005+0000] {dag.py:3823} INFO - Setting next_dagrun for cards_etl to 2025-06-30 00:00:00+00:00, run_after=2025-07-01 00:00:00+00:00
[2025-06-30T11:06:52.060+0000] {processor.py:183} INFO - Processing /opt/airflow/dags/etl_dim_cards_dag.py took 1.050 seconds
[2025-06-30T11:07:22.471+0000] {processor.py:161} INFO - Started process (PID=10046) to work on /opt/airflow/dags/etl_dim_cards_dag.py
[2025-06-30T11:07:22.475+0000] {processor.py:830} INFO - Processing file /opt/airflow/dags/etl_dim_cards_dag.py for tasks to queue
[2025-06-30T11:07:22.478+0000] {logging_mixin.py:188} INFO - [2025-06-30T11:07:22.477+0000] {dagbag.py:538} INFO - Filling up the DagBag from /opt/airflow/dags/etl_dim_cards_dag.py
[2025-06-30T11:07:23.305+0000] {processor.py:840} INFO - DAG(s) 'cards_etl' retrieved from /opt/airflow/dags/etl_dim_cards_dag.py
[2025-06-30T11:07:23.364+0000] {logging_mixin.py:188} INFO - [2025-06-30T11:07:23.362+0000] {dag.py:3036} INFO - Sync 1 DAGs
[2025-06-30T11:07:23.418+0000] {logging_mixin.py:188} INFO - [2025-06-30T11:07:23.417+0000] {dag.py:3823} INFO - Setting next_dagrun for cards_etl to 2025-06-30 00:00:00+00:00, run_after=2025-07-01 00:00:00+00:00
[2025-06-30T11:07:23.528+0000] {processor.py:183} INFO - Processing /opt/airflow/dags/etl_dim_cards_dag.py took 1.125 seconds
[2025-06-30T11:07:53.944+0000] {processor.py:161} INFO - Started process (PID=10054) to work on /opt/airflow/dags/etl_dim_cards_dag.py
[2025-06-30T11:07:53.947+0000] {processor.py:830} INFO - Processing file /opt/airflow/dags/etl_dim_cards_dag.py for tasks to queue
[2025-06-30T11:07:53.950+0000] {logging_mixin.py:188} INFO - [2025-06-30T11:07:53.949+0000] {dagbag.py:538} INFO - Filling up the DagBag from /opt/airflow/dags/etl_dim_cards_dag.py
[2025-06-30T11:07:54.756+0000] {processor.py:840} INFO - DAG(s) 'cards_etl' retrieved from /opt/airflow/dags/etl_dim_cards_dag.py
[2025-06-30T11:07:54.820+0000] {logging_mixin.py:188} INFO - [2025-06-30T11:07:54.819+0000] {dag.py:3036} INFO - Sync 1 DAGs
[2025-06-30T11:07:54.882+0000] {logging_mixin.py:188} INFO - [2025-06-30T11:07:54.881+0000] {dag.py:3823} INFO - Setting next_dagrun for cards_etl to 2025-06-30 00:00:00+00:00, run_after=2025-07-01 00:00:00+00:00
[2025-06-30T11:07:55.002+0000] {processor.py:183} INFO - Processing /opt/airflow/dags/etl_dim_cards_dag.py took 1.067 seconds
[2025-06-30T11:08:25.346+0000] {processor.py:161} INFO - Started process (PID=10064) to work on /opt/airflow/dags/etl_dim_cards_dag.py
[2025-06-30T11:08:25.349+0000] {processor.py:830} INFO - Processing file /opt/airflow/dags/etl_dim_cards_dag.py for tasks to queue
[2025-06-30T11:08:25.352+0000] {logging_mixin.py:188} INFO - [2025-06-30T11:08:25.351+0000] {dagbag.py:538} INFO - Filling up the DagBag from /opt/airflow/dags/etl_dim_cards_dag.py
[2025-06-30T11:08:26.285+0000] {processor.py:840} INFO - DAG(s) 'cards_etl' retrieved from /opt/airflow/dags/etl_dim_cards_dag.py
[2025-06-30T11:08:26.362+0000] {logging_mixin.py:188} INFO - [2025-06-30T11:08:26.361+0000] {dag.py:3036} INFO - Sync 1 DAGs
[2025-06-30T11:08:26.441+0000] {logging_mixin.py:188} INFO - [2025-06-30T11:08:26.440+0000] {dag.py:3823} INFO - Setting next_dagrun for cards_etl to 2025-06-30 00:00:00+00:00, run_after=2025-07-01 00:00:00+00:00
[2025-06-30T11:08:26.501+0000] {processor.py:183} INFO - Processing /opt/airflow/dags/etl_dim_cards_dag.py took 1.163 seconds
[2025-06-30T11:08:56.869+0000] {processor.py:161} INFO - Started process (PID=10072) to work on /opt/airflow/dags/etl_dim_cards_dag.py
[2025-06-30T11:08:56.875+0000] {processor.py:830} INFO - Processing file /opt/airflow/dags/etl_dim_cards_dag.py for tasks to queue
[2025-06-30T11:08:56.878+0000] {logging_mixin.py:188} INFO - [2025-06-30T11:08:56.877+0000] {dagbag.py:538} INFO - Filling up the DagBag from /opt/airflow/dags/etl_dim_cards_dag.py
[2025-06-30T11:08:57.783+0000] {processor.py:840} INFO - DAG(s) 'cards_etl' retrieved from /opt/airflow/dags/etl_dim_cards_dag.py
[2025-06-30T11:08:57.850+0000] {logging_mixin.py:188} INFO - [2025-06-30T11:08:57.849+0000] {dag.py:3036} INFO - Sync 1 DAGs
[2025-06-30T11:08:57.906+0000] {logging_mixin.py:188} INFO - [2025-06-30T11:08:57.905+0000] {dag.py:3823} INFO - Setting next_dagrun for cards_etl to 2025-06-30 00:00:00+00:00, run_after=2025-07-01 00:00:00+00:00
[2025-06-30T11:08:58.016+0000] {processor.py:183} INFO - Processing /opt/airflow/dags/etl_dim_cards_dag.py took 1.155 seconds
[2025-06-30T11:09:28.287+0000] {processor.py:161} INFO - Started process (PID=10080) to work on /opt/airflow/dags/etl_dim_cards_dag.py
[2025-06-30T11:09:28.355+0000] {processor.py:830} INFO - Processing file /opt/airflow/dags/etl_dim_cards_dag.py for tasks to queue
[2025-06-30T11:09:28.364+0000] {logging_mixin.py:188} INFO - [2025-06-30T11:09:28.363+0000] {dagbag.py:538} INFO - Filling up the DagBag from /opt/airflow/dags/etl_dim_cards_dag.py
[2025-06-30T11:09:29.202+0000] {processor.py:840} INFO - DAG(s) 'cards_etl' retrieved from /opt/airflow/dags/etl_dim_cards_dag.py
[2025-06-30T11:09:29.274+0000] {logging_mixin.py:188} INFO - [2025-06-30T11:09:29.273+0000] {dag.py:3036} INFO - Sync 1 DAGs
[2025-06-30T11:09:29.332+0000] {logging_mixin.py:188} INFO - [2025-06-30T11:09:29.332+0000] {dag.py:3823} INFO - Setting next_dagrun for cards_etl to 2025-06-30 00:00:00+00:00, run_after=2025-07-01 00:00:00+00:00
[2025-06-30T11:09:29.443+0000] {processor.py:183} INFO - Processing /opt/airflow/dags/etl_dim_cards_dag.py took 1.163 seconds
[2025-06-30T11:09:59.974+0000] {processor.py:161} INFO - Started process (PID=10088) to work on /opt/airflow/dags/etl_dim_cards_dag.py
[2025-06-30T11:09:59.976+0000] {processor.py:830} INFO - Processing file /opt/airflow/dags/etl_dim_cards_dag.py for tasks to queue
[2025-06-30T11:09:59.978+0000] {logging_mixin.py:188} INFO - [2025-06-30T11:09:59.978+0000] {dagbag.py:538} INFO - Filling up the DagBag from /opt/airflow/dags/etl_dim_cards_dag.py
[2025-06-30T11:10:00.748+0000] {processor.py:840} INFO - DAG(s) 'cards_etl' retrieved from /opt/airflow/dags/etl_dim_cards_dag.py
[2025-06-30T11:10:00.859+0000] {logging_mixin.py:188} INFO - [2025-06-30T11:10:00.858+0000] {dag.py:3036} INFO - Sync 1 DAGs
[2025-06-30T11:10:00.912+0000] {logging_mixin.py:188} INFO - [2025-06-30T11:10:00.911+0000] {dag.py:3823} INFO - Setting next_dagrun for cards_etl to 2025-06-30 00:00:00+00:00, run_after=2025-07-01 00:00:00+00:00
[2025-06-30T11:10:01.020+0000] {processor.py:183} INFO - Processing /opt/airflow/dags/etl_dim_cards_dag.py took 1.052 seconds
[2025-06-30T11:10:31.332+0000] {processor.py:161} INFO - Started process (PID=10096) to work on /opt/airflow/dags/etl_dim_cards_dag.py
[2025-06-30T11:10:31.336+0000] {processor.py:830} INFO - Processing file /opt/airflow/dags/etl_dim_cards_dag.py for tasks to queue
[2025-06-30T11:10:31.339+0000] {logging_mixin.py:188} INFO - [2025-06-30T11:10:31.338+0000] {dagbag.py:538} INFO - Filling up the DagBag from /opt/airflow/dags/etl_dim_cards_dag.py
[2025-06-30T11:10:32.195+0000] {processor.py:840} INFO - DAG(s) 'cards_etl' retrieved from /opt/airflow/dags/etl_dim_cards_dag.py
[2025-06-30T11:10:32.284+0000] {logging_mixin.py:188} INFO - [2025-06-30T11:10:32.282+0000] {dag.py:3036} INFO - Sync 1 DAGs
[2025-06-30T11:10:32.344+0000] {logging_mixin.py:188} INFO - [2025-06-30T11:10:32.343+0000] {dag.py:3823} INFO - Setting next_dagrun for cards_etl to 2025-06-30 00:00:00+00:00, run_after=2025-07-01 00:00:00+00:00
[2025-06-30T11:10:32.399+0000] {processor.py:183} INFO - Processing /opt/airflow/dags/etl_dim_cards_dag.py took 1.076 seconds
[2025-06-30T11:11:02.992+0000] {processor.py:161} INFO - Started process (PID=10104) to work on /opt/airflow/dags/etl_dim_cards_dag.py
[2025-06-30T11:11:02.996+0000] {processor.py:830} INFO - Processing file /opt/airflow/dags/etl_dim_cards_dag.py for tasks to queue
[2025-06-30T11:11:02.999+0000] {logging_mixin.py:188} INFO - [2025-06-30T11:11:02.998+0000] {dagbag.py:538} INFO - Filling up the DagBag from /opt/airflow/dags/etl_dim_cards_dag.py
[2025-06-30T11:11:03.817+0000] {processor.py:840} INFO - DAG(s) 'cards_etl' retrieved from /opt/airflow/dags/etl_dim_cards_dag.py
[2025-06-30T11:11:03.910+0000] {logging_mixin.py:188} INFO - [2025-06-30T11:11:03.909+0000] {dag.py:3036} INFO - Sync 1 DAGs
[2025-06-30T11:11:03.982+0000] {logging_mixin.py:188} INFO - [2025-06-30T11:11:03.981+0000] {dag.py:3823} INFO - Setting next_dagrun for cards_etl to 2025-06-30 00:00:00+00:00, run_after=2025-07-01 00:00:00+00:00
[2025-06-30T11:11:04.031+0000] {processor.py:183} INFO - Processing /opt/airflow/dags/etl_dim_cards_dag.py took 1.046 seconds
[2025-06-30T11:11:34.392+0000] {processor.py:161} INFO - Started process (PID=10112) to work on /opt/airflow/dags/etl_dim_cards_dag.py
[2025-06-30T11:11:34.394+0000] {processor.py:830} INFO - Processing file /opt/airflow/dags/etl_dim_cards_dag.py for tasks to queue
[2025-06-30T11:11:34.397+0000] {logging_mixin.py:188} INFO - [2025-06-30T11:11:34.396+0000] {dagbag.py:538} INFO - Filling up the DagBag from /opt/airflow/dags/etl_dim_cards_dag.py
[2025-06-30T11:11:35.166+0000] {processor.py:840} INFO - DAG(s) 'cards_etl' retrieved from /opt/airflow/dags/etl_dim_cards_dag.py
[2025-06-30T11:11:35.223+0000] {logging_mixin.py:188} INFO - [2025-06-30T11:11:35.222+0000] {dag.py:3036} INFO - Sync 1 DAGs
[2025-06-30T11:11:35.292+0000] {logging_mixin.py:188} INFO - [2025-06-30T11:11:35.290+0000] {dag.py:3823} INFO - Setting next_dagrun for cards_etl to 2025-06-30 00:00:00+00:00, run_after=2025-07-01 00:00:00+00:00
[2025-06-30T11:11:35.425+0000] {processor.py:183} INFO - Processing /opt/airflow/dags/etl_dim_cards_dag.py took 1.039 seconds
[2025-06-30T11:12:05.781+0000] {processor.py:161} INFO - Started process (PID=10120) to work on /opt/airflow/dags/etl_dim_cards_dag.py
[2025-06-30T11:12:05.784+0000] {processor.py:830} INFO - Processing file /opt/airflow/dags/etl_dim_cards_dag.py for tasks to queue
[2025-06-30T11:12:05.787+0000] {logging_mixin.py:188} INFO - [2025-06-30T11:12:05.786+0000] {dagbag.py:538} INFO - Filling up the DagBag from /opt/airflow/dags/etl_dim_cards_dag.py
[2025-06-30T11:12:06.698+0000] {processor.py:840} INFO - DAG(s) 'cards_etl' retrieved from /opt/airflow/dags/etl_dim_cards_dag.py
[2025-06-30T11:12:06.761+0000] {logging_mixin.py:188} INFO - [2025-06-30T11:12:06.760+0000] {dag.py:3036} INFO - Sync 1 DAGs
[2025-06-30T11:12:06.816+0000] {logging_mixin.py:188} INFO - [2025-06-30T11:12:06.815+0000] {dag.py:3823} INFO - Setting next_dagrun for cards_etl to 2025-06-30 00:00:00+00:00, run_after=2025-07-01 00:00:00+00:00
[2025-06-30T11:12:06.938+0000] {processor.py:183} INFO - Processing /opt/airflow/dags/etl_dim_cards_dag.py took 1.165 seconds
[2025-06-30T11:12:37.206+0000] {processor.py:161} INFO - Started process (PID=10129) to work on /opt/airflow/dags/etl_dim_cards_dag.py
[2025-06-30T11:12:37.209+0000] {processor.py:830} INFO - Processing file /opt/airflow/dags/etl_dim_cards_dag.py for tasks to queue
[2025-06-30T11:12:37.212+0000] {logging_mixin.py:188} INFO - [2025-06-30T11:12:37.211+0000] {dagbag.py:538} INFO - Filling up the DagBag from /opt/airflow/dags/etl_dim_cards_dag.py
[2025-06-30T11:12:37.942+0000] {processor.py:840} INFO - DAG(s) 'cards_etl' retrieved from /opt/airflow/dags/etl_dim_cards_dag.py
[2025-06-30T11:12:37.996+0000] {logging_mixin.py:188} INFO - [2025-06-30T11:12:37.995+0000] {dag.py:3036} INFO - Sync 1 DAGs
[2025-06-30T11:12:38.057+0000] {logging_mixin.py:188} INFO - [2025-06-30T11:12:38.056+0000] {dag.py:3823} INFO - Setting next_dagrun for cards_etl to 2025-06-30 00:00:00+00:00, run_after=2025-07-01 00:00:00+00:00
[2025-06-30T11:12:38.171+0000] {processor.py:183} INFO - Processing /opt/airflow/dags/etl_dim_cards_dag.py took 0.971 seconds
[2025-06-30T11:13:08.606+0000] {processor.py:161} INFO - Started process (PID=10137) to work on /opt/airflow/dags/etl_dim_cards_dag.py
[2025-06-30T11:13:08.608+0000] {processor.py:830} INFO - Processing file /opt/airflow/dags/etl_dim_cards_dag.py for tasks to queue
[2025-06-30T11:13:08.611+0000] {logging_mixin.py:188} INFO - [2025-06-30T11:13:08.610+0000] {dagbag.py:538} INFO - Filling up the DagBag from /opt/airflow/dags/etl_dim_cards_dag.py
[2025-06-30T11:13:09.488+0000] {processor.py:840} INFO - DAG(s) 'cards_etl' retrieved from /opt/airflow/dags/etl_dim_cards_dag.py
[2025-06-30T11:13:09.544+0000] {logging_mixin.py:188} INFO - [2025-06-30T11:13:09.542+0000] {dag.py:3036} INFO - Sync 1 DAGs
[2025-06-30T11:13:09.599+0000] {logging_mixin.py:188} INFO - [2025-06-30T11:13:09.598+0000] {dag.py:3823} INFO - Setting next_dagrun for cards_etl to 2025-06-30 00:00:00+00:00, run_after=2025-07-01 00:00:00+00:00
[2025-06-30T11:13:09.714+0000] {processor.py:183} INFO - Processing /opt/airflow/dags/etl_dim_cards_dag.py took 1.115 seconds
[2025-06-30T11:13:40.008+0000] {processor.py:161} INFO - Started process (PID=10145) to work on /opt/airflow/dags/etl_dim_cards_dag.py
[2025-06-30T11:13:40.012+0000] {processor.py:830} INFO - Processing file /opt/airflow/dags/etl_dim_cards_dag.py for tasks to queue
[2025-06-30T11:13:40.014+0000] {logging_mixin.py:188} INFO - [2025-06-30T11:13:40.014+0000] {dagbag.py:538} INFO - Filling up the DagBag from /opt/airflow/dags/etl_dim_cards_dag.py
[2025-06-30T11:13:40.916+0000] {processor.py:840} INFO - DAG(s) 'cards_etl' retrieved from /opt/airflow/dags/etl_dim_cards_dag.py
[2025-06-30T11:13:40.979+0000] {logging_mixin.py:188} INFO - [2025-06-30T11:13:40.978+0000] {dag.py:3036} INFO - Sync 1 DAGs
[2025-06-30T11:13:41.037+0000] {logging_mixin.py:188} INFO - [2025-06-30T11:13:41.036+0000] {dag.py:3823} INFO - Setting next_dagrun for cards_etl to 2025-06-30 00:00:00+00:00, run_after=2025-07-01 00:00:00+00:00
[2025-06-30T11:13:41.109+0000] {processor.py:183} INFO - Processing /opt/airflow/dags/etl_dim_cards_dag.py took 1.118 seconds
[2025-06-30T11:14:11.477+0000] {processor.py:161} INFO - Started process (PID=10153) to work on /opt/airflow/dags/etl_dim_cards_dag.py
[2025-06-30T11:14:11.479+0000] {processor.py:830} INFO - Processing file /opt/airflow/dags/etl_dim_cards_dag.py for tasks to queue
[2025-06-30T11:14:11.481+0000] {logging_mixin.py:188} INFO - [2025-06-30T11:14:11.481+0000] {dagbag.py:538} INFO - Filling up the DagBag from /opt/airflow/dags/etl_dim_cards_dag.py
[2025-06-30T11:14:12.203+0000] {processor.py:840} INFO - DAG(s) 'cards_etl' retrieved from /opt/airflow/dags/etl_dim_cards_dag.py
[2025-06-30T11:14:12.248+0000] {logging_mixin.py:188} INFO - [2025-06-30T11:14:12.247+0000] {dag.py:3036} INFO - Sync 1 DAGs
[2025-06-30T11:14:12.297+0000] {logging_mixin.py:188} INFO - [2025-06-30T11:14:12.297+0000] {dag.py:3823} INFO - Setting next_dagrun for cards_etl to 2025-06-30 00:00:00+00:00, run_after=2025-07-01 00:00:00+00:00
[2025-06-30T11:14:12.391+0000] {processor.py:183} INFO - Processing /opt/airflow/dags/etl_dim_cards_dag.py took 0.920 seconds
[2025-06-30T11:14:42.911+0000] {processor.py:161} INFO - Started process (PID=10162) to work on /opt/airflow/dags/etl_dim_cards_dag.py
[2025-06-30T11:14:42.913+0000] {processor.py:830} INFO - Processing file /opt/airflow/dags/etl_dim_cards_dag.py for tasks to queue
[2025-06-30T11:14:42.916+0000] {logging_mixin.py:188} INFO - [2025-06-30T11:14:42.915+0000] {dagbag.py:538} INFO - Filling up the DagBag from /opt/airflow/dags/etl_dim_cards_dag.py
[2025-06-30T11:14:43.717+0000] {processor.py:840} INFO - DAG(s) 'cards_etl' retrieved from /opt/airflow/dags/etl_dim_cards_dag.py
[2025-06-30T11:14:43.784+0000] {logging_mixin.py:188} INFO - [2025-06-30T11:14:43.783+0000] {dag.py:3036} INFO - Sync 1 DAGs
[2025-06-30T11:14:43.856+0000] {logging_mixin.py:188} INFO - [2025-06-30T11:14:43.855+0000] {dag.py:3823} INFO - Setting next_dagrun for cards_etl to 2025-06-30 00:00:00+00:00, run_after=2025-07-01 00:00:00+00:00
[2025-06-30T11:14:43.982+0000] {processor.py:183} INFO - Processing /opt/airflow/dags/etl_dim_cards_dag.py took 1.083 seconds
[2025-06-30T11:15:14.264+0000] {processor.py:161} INFO - Started process (PID=10170) to work on /opt/airflow/dags/etl_dim_cards_dag.py
[2025-06-30T11:15:14.267+0000] {processor.py:830} INFO - Processing file /opt/airflow/dags/etl_dim_cards_dag.py for tasks to queue
[2025-06-30T11:15:14.269+0000] {logging_mixin.py:188} INFO - [2025-06-30T11:15:14.268+0000] {dagbag.py:538} INFO - Filling up the DagBag from /opt/airflow/dags/etl_dim_cards_dag.py
[2025-06-30T11:15:15.058+0000] {processor.py:840} INFO - DAG(s) 'cards_etl' retrieved from /opt/airflow/dags/etl_dim_cards_dag.py
[2025-06-30T11:15:15.122+0000] {logging_mixin.py:188} INFO - [2025-06-30T11:15:15.122+0000] {dag.py:3036} INFO - Sync 1 DAGs
[2025-06-30T11:15:15.193+0000] {logging_mixin.py:188} INFO - [2025-06-30T11:15:15.192+0000] {dag.py:3823} INFO - Setting next_dagrun for cards_etl to 2025-06-30 00:00:00+00:00, run_after=2025-07-01 00:00:00+00:00
[2025-06-30T11:15:15.315+0000] {processor.py:183} INFO - Processing /opt/airflow/dags/etl_dim_cards_dag.py took 1.057 seconds
[2025-06-30T11:15:45.685+0000] {processor.py:161} INFO - Started process (PID=10178) to work on /opt/airflow/dags/etl_dim_cards_dag.py
[2025-06-30T11:15:45.687+0000] {processor.py:830} INFO - Processing file /opt/airflow/dags/etl_dim_cards_dag.py for tasks to queue
[2025-06-30T11:15:45.690+0000] {logging_mixin.py:188} INFO - [2025-06-30T11:15:45.689+0000] {dagbag.py:538} INFO - Filling up the DagBag from /opt/airflow/dags/etl_dim_cards_dag.py
[2025-06-30T11:15:46.600+0000] {processor.py:840} INFO - DAG(s) 'cards_etl' retrieved from /opt/airflow/dags/etl_dim_cards_dag.py
[2025-06-30T11:15:46.656+0000] {logging_mixin.py:188} INFO - [2025-06-30T11:15:46.655+0000] {dag.py:3036} INFO - Sync 1 DAGs
[2025-06-30T11:15:46.718+0000] {logging_mixin.py:188} INFO - [2025-06-30T11:15:46.718+0000] {dag.py:3823} INFO - Setting next_dagrun for cards_etl to 2025-06-30 00:00:00+00:00, run_after=2025-07-01 00:00:00+00:00
[2025-06-30T11:15:46.815+0000] {processor.py:183} INFO - Processing /opt/airflow/dags/etl_dim_cards_dag.py took 1.137 seconds
[2025-06-30T11:16:17.073+0000] {processor.py:161} INFO - Started process (PID=10186) to work on /opt/airflow/dags/etl_dim_cards_dag.py
[2025-06-30T11:16:17.078+0000] {processor.py:830} INFO - Processing file /opt/airflow/dags/etl_dim_cards_dag.py for tasks to queue
[2025-06-30T11:16:17.081+0000] {logging_mixin.py:188} INFO - [2025-06-30T11:16:17.080+0000] {dagbag.py:538} INFO - Filling up the DagBag from /opt/airflow/dags/etl_dim_cards_dag.py
[2025-06-30T11:16:17.944+0000] {processor.py:840} INFO - DAG(s) 'cards_etl' retrieved from /opt/airflow/dags/etl_dim_cards_dag.py
[2025-06-30T11:16:18.021+0000] {logging_mixin.py:188} INFO - [2025-06-30T11:16:18.019+0000] {dag.py:3036} INFO - Sync 1 DAGs
[2025-06-30T11:16:18.080+0000] {logging_mixin.py:188} INFO - [2025-06-30T11:16:18.079+0000] {dag.py:3823} INFO - Setting next_dagrun for cards_etl to 2025-06-30 00:00:00+00:00, run_after=2025-07-01 00:00:00+00:00
[2025-06-30T11:16:18.187+0000] {processor.py:183} INFO - Processing /opt/airflow/dags/etl_dim_cards_dag.py took 1.125 seconds
[2025-06-30T11:16:48.560+0000] {processor.py:161} INFO - Started process (PID=10194) to work on /opt/airflow/dags/etl_dim_cards_dag.py
[2025-06-30T11:16:48.562+0000] {processor.py:830} INFO - Processing file /opt/airflow/dags/etl_dim_cards_dag.py for tasks to queue
[2025-06-30T11:16:48.565+0000] {logging_mixin.py:188} INFO - [2025-06-30T11:16:48.565+0000] {dagbag.py:538} INFO - Filling up the DagBag from /opt/airflow/dags/etl_dim_cards_dag.py
[2025-06-30T11:16:49.432+0000] {processor.py:840} INFO - DAG(s) 'cards_etl' retrieved from /opt/airflow/dags/etl_dim_cards_dag.py
[2025-06-30T11:16:49.496+0000] {logging_mixin.py:188} INFO - [2025-06-30T11:16:49.494+0000] {dag.py:3036} INFO - Sync 1 DAGs
[2025-06-30T11:16:49.550+0000] {logging_mixin.py:188} INFO - [2025-06-30T11:16:49.549+0000] {dag.py:3823} INFO - Setting next_dagrun for cards_etl to 2025-06-30 00:00:00+00:00, run_after=2025-07-01 00:00:00+00:00
[2025-06-30T11:16:49.663+0000] {processor.py:183} INFO - Processing /opt/airflow/dags/etl_dim_cards_dag.py took 1.110 seconds
[2025-06-30T11:17:20.050+0000] {processor.py:161} INFO - Started process (PID=10202) to work on /opt/airflow/dags/etl_dim_cards_dag.py
[2025-06-30T11:17:20.054+0000] {processor.py:830} INFO - Processing file /opt/airflow/dags/etl_dim_cards_dag.py for tasks to queue
[2025-06-30T11:17:20.057+0000] {logging_mixin.py:188} INFO - [2025-06-30T11:17:20.056+0000] {dagbag.py:538} INFO - Filling up the DagBag from /opt/airflow/dags/etl_dim_cards_dag.py
[2025-06-30T11:17:20.866+0000] {processor.py:840} INFO - DAG(s) 'cards_etl' retrieved from /opt/airflow/dags/etl_dim_cards_dag.py
[2025-06-30T11:17:20.919+0000] {logging_mixin.py:188} INFO - [2025-06-30T11:17:20.918+0000] {dag.py:3036} INFO - Sync 1 DAGs
[2025-06-30T11:17:20.985+0000] {logging_mixin.py:188} INFO - [2025-06-30T11:17:20.984+0000] {dag.py:3823} INFO - Setting next_dagrun for cards_etl to 2025-06-30 00:00:00+00:00, run_after=2025-07-01 00:00:00+00:00
[2025-06-30T11:17:21.119+0000] {processor.py:183} INFO - Processing /opt/airflow/dags/etl_dim_cards_dag.py took 1.078 seconds
[2025-06-30T11:17:51.482+0000] {processor.py:161} INFO - Started process (PID=10210) to work on /opt/airflow/dags/etl_dim_cards_dag.py
[2025-06-30T11:17:51.485+0000] {processor.py:830} INFO - Processing file /opt/airflow/dags/etl_dim_cards_dag.py for tasks to queue
[2025-06-30T11:17:51.487+0000] {logging_mixin.py:188} INFO - [2025-06-30T11:17:51.487+0000] {dagbag.py:538} INFO - Filling up the DagBag from /opt/airflow/dags/etl_dim_cards_dag.py
[2025-06-30T11:17:52.163+0000] {processor.py:840} INFO - DAG(s) 'cards_etl' retrieved from /opt/airflow/dags/etl_dim_cards_dag.py
[2025-06-30T11:17:52.222+0000] {logging_mixin.py:188} INFO - [2025-06-30T11:17:52.221+0000] {dag.py:3036} INFO - Sync 1 DAGs
[2025-06-30T11:17:52.282+0000] {logging_mixin.py:188} INFO - [2025-06-30T11:17:52.282+0000] {dag.py:3823} INFO - Setting next_dagrun for cards_etl to 2025-06-30 00:00:00+00:00, run_after=2025-07-01 00:00:00+00:00
[2025-06-30T11:17:52.469+0000] {processor.py:183} INFO - Processing /opt/airflow/dags/etl_dim_cards_dag.py took 0.993 seconds
[2025-06-30T11:26:40.774+0000] {processor.py:161} INFO - Started process (PID=10218) to work on /opt/airflow/dags/etl_dim_cards_dag.py
[2025-06-30T11:26:40.826+0000] {processor.py:830} INFO - Processing file /opt/airflow/dags/etl_dim_cards_dag.py for tasks to queue
[2025-06-30T11:26:40.872+0000] {logging_mixin.py:188} INFO - [2025-06-30T11:26:40.870+0000] {dagbag.py:538} INFO - Filling up the DagBag from /opt/airflow/dags/etl_dim_cards_dag.py
[2025-06-30T11:26:44.925+0000] {processor.py:840} INFO - DAG(s) 'cards_etl' retrieved from /opt/airflow/dags/etl_dim_cards_dag.py
[2025-06-30T11:26:45.021+0000] {logging_mixin.py:188} INFO - [2025-06-30T11:26:45.019+0000] {dag.py:3036} INFO - Sync 1 DAGs
[2025-06-30T11:26:45.142+0000] {logging_mixin.py:188} INFO - [2025-06-30T11:26:45.141+0000] {dag.py:3823} INFO - Setting next_dagrun for cards_etl to 2025-06-30 00:00:00+00:00, run_after=2025-07-01 00:00:00+00:00
[2025-06-30T11:26:45.197+0000] {processor.py:183} INFO - Processing /opt/airflow/dags/etl_dim_cards_dag.py took 4.498 seconds
[2025-06-30T11:27:15.731+0000] {processor.py:161} INFO - Started process (PID=10226) to work on /opt/airflow/dags/etl_dim_cards_dag.py
[2025-06-30T11:27:15.734+0000] {processor.py:830} INFO - Processing file /opt/airflow/dags/etl_dim_cards_dag.py for tasks to queue
[2025-06-30T11:27:15.737+0000] {logging_mixin.py:188} INFO - [2025-06-30T11:27:15.736+0000] {dagbag.py:538} INFO - Filling up the DagBag from /opt/airflow/dags/etl_dim_cards_dag.py
[2025-06-30T11:27:16.449+0000] {processor.py:840} INFO - DAG(s) 'cards_etl' retrieved from /opt/airflow/dags/etl_dim_cards_dag.py
[2025-06-30T11:27:16.503+0000] {logging_mixin.py:188} INFO - [2025-06-30T11:27:16.502+0000] {dag.py:3036} INFO - Sync 1 DAGs
[2025-06-30T11:27:16.557+0000] {logging_mixin.py:188} INFO - [2025-06-30T11:27:16.556+0000] {dag.py:3823} INFO - Setting next_dagrun for cards_etl to 2025-06-30 00:00:00+00:00, run_after=2025-07-01 00:00:00+00:00
[2025-06-30T11:27:16.604+0000] {processor.py:183} INFO - Processing /opt/airflow/dags/etl_dim_cards_dag.py took 0.882 seconds
[2025-06-30T11:27:47.018+0000] {processor.py:161} INFO - Started process (PID=10234) to work on /opt/airflow/dags/etl_dim_cards_dag.py
[2025-06-30T11:27:47.021+0000] {processor.py:830} INFO - Processing file /opt/airflow/dags/etl_dim_cards_dag.py for tasks to queue
[2025-06-30T11:27:47.023+0000] {logging_mixin.py:188} INFO - [2025-06-30T11:27:47.023+0000] {dagbag.py:538} INFO - Filling up the DagBag from /opt/airflow/dags/etl_dim_cards_dag.py
[2025-06-30T11:27:47.769+0000] {processor.py:840} INFO - DAG(s) 'cards_etl' retrieved from /opt/airflow/dags/etl_dim_cards_dag.py
[2025-06-30T11:27:47.824+0000] {logging_mixin.py:188} INFO - [2025-06-30T11:27:47.823+0000] {dag.py:3036} INFO - Sync 1 DAGs
[2025-06-30T11:27:47.873+0000] {logging_mixin.py:188} INFO - [2025-06-30T11:27:47.873+0000] {dag.py:3823} INFO - Setting next_dagrun for cards_etl to 2025-06-30 00:00:00+00:00, run_after=2025-07-01 00:00:00+00:00
[2025-06-30T11:27:47.979+0000] {processor.py:183} INFO - Processing /opt/airflow/dags/etl_dim_cards_dag.py took 0.971 seconds
[2025-06-30T11:28:18.401+0000] {processor.py:161} INFO - Started process (PID=10242) to work on /opt/airflow/dags/etl_dim_cards_dag.py
[2025-06-30T11:28:18.405+0000] {processor.py:830} INFO - Processing file /opt/airflow/dags/etl_dim_cards_dag.py for tasks to queue
[2025-06-30T11:28:18.408+0000] {logging_mixin.py:188} INFO - [2025-06-30T11:28:18.407+0000] {dagbag.py:538} INFO - Filling up the DagBag from /opt/airflow/dags/etl_dim_cards_dag.py
[2025-06-30T11:28:19.206+0000] {processor.py:840} INFO - DAG(s) 'cards_etl' retrieved from /opt/airflow/dags/etl_dim_cards_dag.py
[2025-06-30T11:28:19.319+0000] {logging_mixin.py:188} INFO - [2025-06-30T11:28:19.317+0000] {dag.py:3036} INFO - Sync 1 DAGs
[2025-06-30T11:28:19.379+0000] {logging_mixin.py:188} INFO - [2025-06-30T11:28:19.378+0000] {dag.py:3823} INFO - Setting next_dagrun for cards_etl to 2025-06-30 00:00:00+00:00, run_after=2025-07-01 00:00:00+00:00
[2025-06-30T11:28:19.493+0000] {processor.py:183} INFO - Processing /opt/airflow/dags/etl_dim_cards_dag.py took 1.102 seconds
[2025-06-30T11:28:49.789+0000] {processor.py:161} INFO - Started process (PID=10250) to work on /opt/airflow/dags/etl_dim_cards_dag.py
[2025-06-30T11:28:49.792+0000] {processor.py:830} INFO - Processing file /opt/airflow/dags/etl_dim_cards_dag.py for tasks to queue
[2025-06-30T11:28:49.794+0000] {logging_mixin.py:188} INFO - [2025-06-30T11:28:49.794+0000] {dagbag.py:538} INFO - Filling up the DagBag from /opt/airflow/dags/etl_dim_cards_dag.py
[2025-06-30T11:28:50.514+0000] {processor.py:840} INFO - DAG(s) 'cards_etl' retrieved from /opt/airflow/dags/etl_dim_cards_dag.py
[2025-06-30T11:28:50.578+0000] {logging_mixin.py:188} INFO - [2025-06-30T11:28:50.576+0000] {dag.py:3036} INFO - Sync 1 DAGs
[2025-06-30T11:28:50.640+0000] {logging_mixin.py:188} INFO - [2025-06-30T11:28:50.639+0000] {dag.py:3823} INFO - Setting next_dagrun for cards_etl to 2025-06-30 00:00:00+00:00, run_after=2025-07-01 00:00:00+00:00
[2025-06-30T11:28:50.753+0000] {processor.py:183} INFO - Processing /opt/airflow/dags/etl_dim_cards_dag.py took 0.970 seconds
[2025-06-30T11:29:21.205+0000] {processor.py:161} INFO - Started process (PID=10259) to work on /opt/airflow/dags/etl_dim_cards_dag.py
[2025-06-30T11:29:21.209+0000] {processor.py:830} INFO - Processing file /opt/airflow/dags/etl_dim_cards_dag.py for tasks to queue
[2025-06-30T11:29:21.212+0000] {logging_mixin.py:188} INFO - [2025-06-30T11:29:21.211+0000] {dagbag.py:538} INFO - Filling up the DagBag from /opt/airflow/dags/etl_dim_cards_dag.py
[2025-06-30T11:29:22.053+0000] {processor.py:840} INFO - DAG(s) 'cards_etl' retrieved from /opt/airflow/dags/etl_dim_cards_dag.py
[2025-06-30T11:29:22.129+0000] {logging_mixin.py:188} INFO - [2025-06-30T11:29:22.127+0000] {dag.py:3036} INFO - Sync 1 DAGs
[2025-06-30T11:29:22.192+0000] {logging_mixin.py:188} INFO - [2025-06-30T11:29:22.192+0000] {dag.py:3823} INFO - Setting next_dagrun for cards_etl to 2025-06-30 00:00:00+00:00, run_after=2025-07-01 00:00:00+00:00
[2025-06-30T11:29:22.310+0000] {processor.py:183} INFO - Processing /opt/airflow/dags/etl_dim_cards_dag.py took 1.110 seconds
[2025-06-30T11:29:52.656+0000] {processor.py:161} INFO - Started process (PID=10267) to work on /opt/airflow/dags/etl_dim_cards_dag.py
[2025-06-30T11:29:52.659+0000] {processor.py:830} INFO - Processing file /opt/airflow/dags/etl_dim_cards_dag.py for tasks to queue
[2025-06-30T11:29:52.661+0000] {logging_mixin.py:188} INFO - [2025-06-30T11:29:52.660+0000] {dagbag.py:538} INFO - Filling up the DagBag from /opt/airflow/dags/etl_dim_cards_dag.py
[2025-06-30T11:29:53.434+0000] {processor.py:840} INFO - DAG(s) 'cards_etl' retrieved from /opt/airflow/dags/etl_dim_cards_dag.py
[2025-06-30T11:29:53.488+0000] {logging_mixin.py:188} INFO - [2025-06-30T11:29:53.486+0000] {dag.py:3036} INFO - Sync 1 DAGs
[2025-06-30T11:29:53.540+0000] {logging_mixin.py:188} INFO - [2025-06-30T11:29:53.540+0000] {dag.py:3823} INFO - Setting next_dagrun for cards_etl to 2025-06-30 00:00:00+00:00, run_after=2025-07-01 00:00:00+00:00
[2025-06-30T11:29:53.654+0000] {processor.py:183} INFO - Processing /opt/airflow/dags/etl_dim_cards_dag.py took 1.007 seconds
[2025-06-30T11:30:24.022+0000] {processor.py:161} INFO - Started process (PID=10275) to work on /opt/airflow/dags/etl_dim_cards_dag.py
[2025-06-30T11:30:24.025+0000] {processor.py:830} INFO - Processing file /opt/airflow/dags/etl_dim_cards_dag.py for tasks to queue
[2025-06-30T11:30:24.027+0000] {logging_mixin.py:188} INFO - [2025-06-30T11:30:24.027+0000] {dagbag.py:538} INFO - Filling up the DagBag from /opt/airflow/dags/etl_dim_cards_dag.py
[2025-06-30T11:30:24.864+0000] {processor.py:840} INFO - DAG(s) 'cards_etl' retrieved from /opt/airflow/dags/etl_dim_cards_dag.py
[2025-06-30T11:30:24.925+0000] {logging_mixin.py:188} INFO - [2025-06-30T11:30:24.924+0000] {dag.py:3036} INFO - Sync 1 DAGs
[2025-06-30T11:30:24.984+0000] {logging_mixin.py:188} INFO - [2025-06-30T11:30:24.984+0000] {dag.py:3823} INFO - Setting next_dagrun for cards_etl to 2025-06-30 00:00:00+00:00, run_after=2025-07-01 00:00:00+00:00
[2025-06-30T11:30:25.055+0000] {processor.py:183} INFO - Processing /opt/airflow/dags/etl_dim_cards_dag.py took 1.043 seconds
[2025-06-30T11:30:55.445+0000] {processor.py:161} INFO - Started process (PID=10283) to work on /opt/airflow/dags/etl_dim_cards_dag.py
[2025-06-30T11:30:55.448+0000] {processor.py:830} INFO - Processing file /opt/airflow/dags/etl_dim_cards_dag.py for tasks to queue
[2025-06-30T11:30:55.451+0000] {logging_mixin.py:188} INFO - [2025-06-30T11:30:55.450+0000] {dagbag.py:538} INFO - Filling up the DagBag from /opt/airflow/dags/etl_dim_cards_dag.py
[2025-06-30T11:30:56.243+0000] {processor.py:840} INFO - DAG(s) 'cards_etl' retrieved from /opt/airflow/dags/etl_dim_cards_dag.py
[2025-06-30T11:30:56.317+0000] {logging_mixin.py:188} INFO - [2025-06-30T11:30:56.315+0000] {dag.py:3036} INFO - Sync 1 DAGs
[2025-06-30T11:30:56.378+0000] {logging_mixin.py:188} INFO - [2025-06-30T11:30:56.377+0000] {dag.py:3823} INFO - Setting next_dagrun for cards_etl to 2025-06-30 00:00:00+00:00, run_after=2025-07-01 00:00:00+00:00
[2025-06-30T11:30:56.508+0000] {processor.py:183} INFO - Processing /opt/airflow/dags/etl_dim_cards_dag.py took 1.071 seconds
[2025-06-30T11:31:26.822+0000] {processor.py:161} INFO - Started process (PID=10291) to work on /opt/airflow/dags/etl_dim_cards_dag.py
[2025-06-30T11:31:26.825+0000] {processor.py:830} INFO - Processing file /opt/airflow/dags/etl_dim_cards_dag.py for tasks to queue
[2025-06-30T11:31:26.828+0000] {logging_mixin.py:188} INFO - [2025-06-30T11:31:26.827+0000] {dagbag.py:538} INFO - Filling up the DagBag from /opt/airflow/dags/etl_dim_cards_dag.py
[2025-06-30T11:31:27.723+0000] {processor.py:840} INFO - DAG(s) 'cards_etl' retrieved from /opt/airflow/dags/etl_dim_cards_dag.py
[2025-06-30T11:31:27.817+0000] {logging_mixin.py:188} INFO - [2025-06-30T11:31:27.815+0000] {dag.py:3036} INFO - Sync 1 DAGs
[2025-06-30T11:31:27.881+0000] {logging_mixin.py:188} INFO - [2025-06-30T11:31:27.881+0000] {dag.py:3823} INFO - Setting next_dagrun for cards_etl to 2025-06-30 00:00:00+00:00, run_after=2025-07-01 00:00:00+00:00
[2025-06-30T11:31:27.968+0000] {processor.py:183} INFO - Processing /opt/airflow/dags/etl_dim_cards_dag.py took 1.152 seconds
[2025-06-30T11:31:58.534+0000] {processor.py:161} INFO - Started process (PID=10299) to work on /opt/airflow/dags/etl_dim_cards_dag.py
[2025-06-30T11:31:58.537+0000] {processor.py:830} INFO - Processing file /opt/airflow/dags/etl_dim_cards_dag.py for tasks to queue
[2025-06-30T11:31:58.540+0000] {logging_mixin.py:188} INFO - [2025-06-30T11:31:58.539+0000] {dagbag.py:538} INFO - Filling up the DagBag from /opt/airflow/dags/etl_dim_cards_dag.py
[2025-06-30T11:31:59.387+0000] {processor.py:840} INFO - DAG(s) 'cards_etl' retrieved from /opt/airflow/dags/etl_dim_cards_dag.py
[2025-06-30T11:31:59.500+0000] {logging_mixin.py:188} INFO - [2025-06-30T11:31:59.498+0000] {dag.py:3036} INFO - Sync 1 DAGs
[2025-06-30T11:31:59.668+0000] {logging_mixin.py:188} INFO - [2025-06-30T11:31:59.668+0000] {dag.py:3823} INFO - Setting next_dagrun for cards_etl to 2025-06-30 00:00:00+00:00, run_after=2025-07-01 00:00:00+00:00
[2025-06-30T11:31:59.725+0000] {processor.py:183} INFO - Processing /opt/airflow/dags/etl_dim_cards_dag.py took 1.199 seconds
[2025-06-30T11:32:30.067+0000] {processor.py:161} INFO - Started process (PID=10314) to work on /opt/airflow/dags/etl_dim_cards_dag.py
[2025-06-30T11:32:30.070+0000] {processor.py:830} INFO - Processing file /opt/airflow/dags/etl_dim_cards_dag.py for tasks to queue
[2025-06-30T11:32:30.073+0000] {logging_mixin.py:188} INFO - [2025-06-30T11:32:30.072+0000] {dagbag.py:538} INFO - Filling up the DagBag from /opt/airflow/dags/etl_dim_cards_dag.py
[2025-06-30T11:32:30.875+0000] {processor.py:840} INFO - DAG(s) 'cards_etl' retrieved from /opt/airflow/dags/etl_dim_cards_dag.py
[2025-06-30T11:32:30.930+0000] {logging_mixin.py:188} INFO - [2025-06-30T11:32:30.929+0000] {dag.py:3036} INFO - Sync 1 DAGs
[2025-06-30T11:32:30.987+0000] {logging_mixin.py:188} INFO - [2025-06-30T11:32:30.987+0000] {dag.py:3823} INFO - Setting next_dagrun for cards_etl to 2025-06-30 00:00:00+00:00, run_after=2025-07-01 00:00:00+00:00
[2025-06-30T11:32:31.088+0000] {processor.py:183} INFO - Processing /opt/airflow/dags/etl_dim_cards_dag.py took 1.028 seconds
[2025-06-30T11:33:01.468+0000] {processor.py:161} INFO - Started process (PID=10322) to work on /opt/airflow/dags/etl_dim_cards_dag.py
[2025-06-30T11:33:01.471+0000] {processor.py:830} INFO - Processing file /opt/airflow/dags/etl_dim_cards_dag.py for tasks to queue
[2025-06-30T11:33:01.473+0000] {logging_mixin.py:188} INFO - [2025-06-30T11:33:01.473+0000] {dagbag.py:538} INFO - Filling up the DagBag from /opt/airflow/dags/etl_dim_cards_dag.py
[2025-06-30T11:33:02.433+0000] {processor.py:840} INFO - DAG(s) 'cards_etl' retrieved from /opt/airflow/dags/etl_dim_cards_dag.py
[2025-06-30T11:33:02.489+0000] {logging_mixin.py:188} INFO - [2025-06-30T11:33:02.488+0000] {dag.py:3036} INFO - Sync 1 DAGs
[2025-06-30T11:33:02.541+0000] {logging_mixin.py:188} INFO - [2025-06-30T11:33:02.540+0000] {dag.py:3823} INFO - Setting next_dagrun for cards_etl to 2025-06-30 00:00:00+00:00, run_after=2025-07-01 00:00:00+00:00
[2025-06-30T11:33:02.661+0000] {processor.py:183} INFO - Processing /opt/airflow/dags/etl_dim_cards_dag.py took 1.199 seconds
[2025-06-30T11:33:32.841+0000] {processor.py:161} INFO - Started process (PID=10330) to work on /opt/airflow/dags/etl_dim_cards_dag.py
[2025-06-30T11:33:32.844+0000] {processor.py:830} INFO - Processing file /opt/airflow/dags/etl_dim_cards_dag.py for tasks to queue
[2025-06-30T11:33:32.846+0000] {logging_mixin.py:188} INFO - [2025-06-30T11:33:32.846+0000] {dagbag.py:538} INFO - Filling up the DagBag from /opt/airflow/dags/etl_dim_cards_dag.py
[2025-06-30T11:33:33.546+0000] {processor.py:840} INFO - DAG(s) 'cards_etl' retrieved from /opt/airflow/dags/etl_dim_cards_dag.py
[2025-06-30T11:33:33.593+0000] {logging_mixin.py:188} INFO - [2025-06-30T11:33:33.592+0000] {dag.py:3036} INFO - Sync 1 DAGs
[2025-06-30T11:33:33.644+0000] {logging_mixin.py:188} INFO - [2025-06-30T11:33:33.644+0000] {dag.py:3823} INFO - Setting next_dagrun for cards_etl to 2025-06-30 00:00:00+00:00, run_after=2025-07-01 00:00:00+00:00
[2025-06-30T11:33:33.751+0000] {processor.py:183} INFO - Processing /opt/airflow/dags/etl_dim_cards_dag.py took 0.916 seconds
[2025-06-30T11:34:04.185+0000] {processor.py:161} INFO - Started process (PID=10338) to work on /opt/airflow/dags/etl_dim_cards_dag.py
[2025-06-30T11:34:04.188+0000] {processor.py:830} INFO - Processing file /opt/airflow/dags/etl_dim_cards_dag.py for tasks to queue
[2025-06-30T11:34:04.191+0000] {logging_mixin.py:188} INFO - [2025-06-30T11:34:04.190+0000] {dagbag.py:538} INFO - Filling up the DagBag from /opt/airflow/dags/etl_dim_cards_dag.py
[2025-06-30T11:34:05.043+0000] {processor.py:840} INFO - DAG(s) 'cards_etl' retrieved from /opt/airflow/dags/etl_dim_cards_dag.py
[2025-06-30T11:34:05.106+0000] {logging_mixin.py:188} INFO - [2025-06-30T11:34:05.105+0000] {dag.py:3036} INFO - Sync 1 DAGs
[2025-06-30T11:34:05.177+0000] {logging_mixin.py:188} INFO - [2025-06-30T11:34:05.177+0000] {dag.py:3823} INFO - Setting next_dagrun for cards_etl to 2025-06-30 00:00:00+00:00, run_after=2025-07-01 00:00:00+00:00
[2025-06-30T11:34:05.245+0000] {processor.py:183} INFO - Processing /opt/airflow/dags/etl_dim_cards_dag.py took 1.069 seconds
[2025-06-30T11:34:35.556+0000] {processor.py:161} INFO - Started process (PID=10347) to work on /opt/airflow/dags/etl_dim_cards_dag.py
[2025-06-30T11:34:35.559+0000] {processor.py:830} INFO - Processing file /opt/airflow/dags/etl_dim_cards_dag.py for tasks to queue
[2025-06-30T11:34:35.562+0000] {logging_mixin.py:188} INFO - [2025-06-30T11:34:35.561+0000] {dagbag.py:538} INFO - Filling up the DagBag from /opt/airflow/dags/etl_dim_cards_dag.py
[2025-06-30T11:34:36.331+0000] {processor.py:840} INFO - DAG(s) 'cards_etl' retrieved from /opt/airflow/dags/etl_dim_cards_dag.py
[2025-06-30T11:34:36.394+0000] {logging_mixin.py:188} INFO - [2025-06-30T11:34:36.392+0000] {dag.py:3036} INFO - Sync 1 DAGs
[2025-06-30T11:34:36.442+0000] {logging_mixin.py:188} INFO - [2025-06-30T11:34:36.442+0000] {dag.py:3823} INFO - Setting next_dagrun for cards_etl to 2025-06-30 00:00:00+00:00, run_after=2025-07-01 00:00:00+00:00
[2025-06-30T11:34:36.501+0000] {processor.py:183} INFO - Processing /opt/airflow/dags/etl_dim_cards_dag.py took 0.958 seconds
[2025-06-30T11:35:06.936+0000] {processor.py:161} INFO - Started process (PID=10356) to work on /opt/airflow/dags/etl_dim_cards_dag.py
[2025-06-30T11:35:06.939+0000] {processor.py:830} INFO - Processing file /opt/airflow/dags/etl_dim_cards_dag.py for tasks to queue
[2025-06-30T11:35:06.943+0000] {logging_mixin.py:188} INFO - [2025-06-30T11:35:06.942+0000] {dagbag.py:538} INFO - Filling up the DagBag from /opt/airflow/dags/etl_dim_cards_dag.py
[2025-06-30T11:35:07.718+0000] {processor.py:840} INFO - DAG(s) 'cards_etl' retrieved from /opt/airflow/dags/etl_dim_cards_dag.py
[2025-06-30T11:35:07.795+0000] {logging_mixin.py:188} INFO - [2025-06-30T11:35:07.793+0000] {dag.py:3036} INFO - Sync 1 DAGs
[2025-06-30T11:35:07.878+0000] {logging_mixin.py:188} INFO - [2025-06-30T11:35:07.877+0000] {dag.py:3823} INFO - Setting next_dagrun for cards_etl to 2025-06-30 00:00:00+00:00, run_after=2025-07-01 00:00:00+00:00
[2025-06-30T11:35:07.999+0000] {processor.py:183} INFO - Processing /opt/airflow/dags/etl_dim_cards_dag.py took 1.067 seconds
[2025-06-30T11:35:38.313+0000] {processor.py:161} INFO - Started process (PID=10365) to work on /opt/airflow/dags/etl_dim_cards_dag.py
[2025-06-30T11:35:38.316+0000] {processor.py:830} INFO - Processing file /opt/airflow/dags/etl_dim_cards_dag.py for tasks to queue
[2025-06-30T11:35:38.320+0000] {logging_mixin.py:188} INFO - [2025-06-30T11:35:38.319+0000] {dagbag.py:538} INFO - Filling up the DagBag from /opt/airflow/dags/etl_dim_cards_dag.py
[2025-06-30T11:35:39.226+0000] {processor.py:840} INFO - DAG(s) 'cards_etl' retrieved from /opt/airflow/dags/etl_dim_cards_dag.py
[2025-06-30T11:35:39.296+0000] {logging_mixin.py:188} INFO - [2025-06-30T11:35:39.295+0000] {dag.py:3036} INFO - Sync 1 DAGs
[2025-06-30T11:35:39.358+0000] {logging_mixin.py:188} INFO - [2025-06-30T11:35:39.357+0000] {dag.py:3823} INFO - Setting next_dagrun for cards_etl to 2025-06-30 00:00:00+00:00, run_after=2025-07-01 00:00:00+00:00
[2025-06-30T11:35:39.410+0000] {processor.py:183} INFO - Processing /opt/airflow/dags/etl_dim_cards_dag.py took 1.107 seconds
[2025-06-30T11:36:09.804+0000] {processor.py:161} INFO - Started process (PID=10373) to work on /opt/airflow/dags/etl_dim_cards_dag.py
[2025-06-30T11:36:09.807+0000] {processor.py:830} INFO - Processing file /opt/airflow/dags/etl_dim_cards_dag.py for tasks to queue
[2025-06-30T11:36:09.811+0000] {logging_mixin.py:188} INFO - [2025-06-30T11:36:09.810+0000] {dagbag.py:538} INFO - Filling up the DagBag from /opt/airflow/dags/etl_dim_cards_dag.py
[2025-06-30T11:36:10.688+0000] {processor.py:840} INFO - DAG(s) 'cards_etl' retrieved from /opt/airflow/dags/etl_dim_cards_dag.py
[2025-06-30T11:36:10.741+0000] {logging_mixin.py:188} INFO - [2025-06-30T11:36:10.740+0000] {dag.py:3036} INFO - Sync 1 DAGs
[2025-06-30T11:36:10.809+0000] {logging_mixin.py:188} INFO - [2025-06-30T11:36:10.809+0000] {dag.py:3823} INFO - Setting next_dagrun for cards_etl to 2025-06-30 00:00:00+00:00, run_after=2025-07-01 00:00:00+00:00
[2025-06-30T11:36:10.853+0000] {processor.py:183} INFO - Processing /opt/airflow/dags/etl_dim_cards_dag.py took 1.065 seconds
[2025-06-30T11:36:41.264+0000] {processor.py:161} INFO - Started process (PID=10381) to work on /opt/airflow/dags/etl_dim_cards_dag.py
[2025-06-30T11:36:41.266+0000] {processor.py:830} INFO - Processing file /opt/airflow/dags/etl_dim_cards_dag.py for tasks to queue
[2025-06-30T11:36:41.269+0000] {logging_mixin.py:188} INFO - [2025-06-30T11:36:41.268+0000] {dagbag.py:538} INFO - Filling up the DagBag from /opt/airflow/dags/etl_dim_cards_dag.py
[2025-06-30T11:36:42.009+0000] {processor.py:840} INFO - DAG(s) 'cards_etl' retrieved from /opt/airflow/dags/etl_dim_cards_dag.py
[2025-06-30T11:36:42.066+0000] {logging_mixin.py:188} INFO - [2025-06-30T11:36:42.062+0000] {dag.py:3036} INFO - Sync 1 DAGs
[2025-06-30T11:36:42.131+0000] {logging_mixin.py:188} INFO - [2025-06-30T11:36:42.131+0000] {dag.py:3823} INFO - Setting next_dagrun for cards_etl to 2025-06-30 00:00:00+00:00, run_after=2025-07-01 00:00:00+00:00
[2025-06-30T11:36:42.212+0000] {processor.py:183} INFO - Processing /opt/airflow/dags/etl_dim_cards_dag.py took 0.953 seconds
[2025-06-30T11:37:12.680+0000] {processor.py:161} INFO - Started process (PID=10389) to work on /opt/airflow/dags/etl_dim_cards_dag.py
[2025-06-30T11:37:12.683+0000] {processor.py:830} INFO - Processing file /opt/airflow/dags/etl_dim_cards_dag.py for tasks to queue
[2025-06-30T11:37:12.686+0000] {logging_mixin.py:188} INFO - [2025-06-30T11:37:12.685+0000] {dagbag.py:538} INFO - Filling up the DagBag from /opt/airflow/dags/etl_dim_cards_dag.py
[2025-06-30T11:37:13.473+0000] {processor.py:840} INFO - DAG(s) 'cards_etl' retrieved from /opt/airflow/dags/etl_dim_cards_dag.py
[2025-06-30T11:37:13.529+0000] {logging_mixin.py:188} INFO - [2025-06-30T11:37:13.528+0000] {dag.py:3036} INFO - Sync 1 DAGs
[2025-06-30T11:37:13.583+0000] {logging_mixin.py:188} INFO - [2025-06-30T11:37:13.582+0000] {dag.py:3823} INFO - Setting next_dagrun for cards_etl to 2025-06-30 00:00:00+00:00, run_after=2025-07-01 00:00:00+00:00
[2025-06-30T11:37:13.632+0000] {processor.py:183} INFO - Processing /opt/airflow/dags/etl_dim_cards_dag.py took 0.958 seconds
[2025-06-30T11:37:44.096+0000] {processor.py:161} INFO - Started process (PID=10397) to work on /opt/airflow/dags/etl_dim_cards_dag.py
[2025-06-30T11:37:44.100+0000] {processor.py:830} INFO - Processing file /opt/airflow/dags/etl_dim_cards_dag.py for tasks to queue
[2025-06-30T11:37:44.103+0000] {logging_mixin.py:188} INFO - [2025-06-30T11:37:44.102+0000] {dagbag.py:538} INFO - Filling up the DagBag from /opt/airflow/dags/etl_dim_cards_dag.py
[2025-06-30T11:37:44.998+0000] {processor.py:840} INFO - DAG(s) 'cards_etl' retrieved from /opt/airflow/dags/etl_dim_cards_dag.py
[2025-06-30T11:37:45.079+0000] {logging_mixin.py:188} INFO - [2025-06-30T11:37:45.077+0000] {dag.py:3036} INFO - Sync 1 DAGs
[2025-06-30T11:37:45.135+0000] {logging_mixin.py:188} INFO - [2025-06-30T11:37:45.135+0000] {dag.py:3823} INFO - Setting next_dagrun for cards_etl to 2025-06-30 00:00:00+00:00, run_after=2025-07-01 00:00:00+00:00
[2025-06-30T11:37:45.234+0000] {processor.py:183} INFO - Processing /opt/airflow/dags/etl_dim_cards_dag.py took 1.151 seconds
[2025-06-30T11:38:15.460+0000] {processor.py:161} INFO - Started process (PID=10405) to work on /opt/airflow/dags/etl_dim_cards_dag.py
[2025-06-30T11:38:15.463+0000] {processor.py:830} INFO - Processing file /opt/airflow/dags/etl_dim_cards_dag.py for tasks to queue
[2025-06-30T11:38:15.466+0000] {logging_mixin.py:188} INFO - [2025-06-30T11:38:15.465+0000] {dagbag.py:538} INFO - Filling up the DagBag from /opt/airflow/dags/etl_dim_cards_dag.py
[2025-06-30T11:38:16.247+0000] {processor.py:840} INFO - DAG(s) 'cards_etl' retrieved from /opt/airflow/dags/etl_dim_cards_dag.py
[2025-06-30T11:38:16.306+0000] {logging_mixin.py:188} INFO - [2025-06-30T11:38:16.305+0000] {dag.py:3036} INFO - Sync 1 DAGs
[2025-06-30T11:38:16.371+0000] {logging_mixin.py:188} INFO - [2025-06-30T11:38:16.370+0000] {dag.py:3823} INFO - Setting next_dagrun for cards_etl to 2025-06-30 00:00:00+00:00, run_after=2025-07-01 00:00:00+00:00
[2025-06-30T11:38:16.451+0000] {processor.py:183} INFO - Processing /opt/airflow/dags/etl_dim_cards_dag.py took 1.002 seconds
[2025-06-30T11:38:46.851+0000] {processor.py:161} INFO - Started process (PID=10413) to work on /opt/airflow/dags/etl_dim_cards_dag.py
[2025-06-30T11:38:46.853+0000] {processor.py:830} INFO - Processing file /opt/airflow/dags/etl_dim_cards_dag.py for tasks to queue
[2025-06-30T11:38:46.857+0000] {logging_mixin.py:188} INFO - [2025-06-30T11:38:46.856+0000] {dagbag.py:538} INFO - Filling up the DagBag from /opt/airflow/dags/etl_dim_cards_dag.py
[2025-06-30T11:38:47.559+0000] {processor.py:840} INFO - DAG(s) 'cards_etl' retrieved from /opt/airflow/dags/etl_dim_cards_dag.py
[2025-06-30T11:38:47.616+0000] {logging_mixin.py:188} INFO - [2025-06-30T11:38:47.615+0000] {dag.py:3036} INFO - Sync 1 DAGs
[2025-06-30T11:38:47.669+0000] {logging_mixin.py:188} INFO - [2025-06-30T11:38:47.668+0000] {dag.py:3823} INFO - Setting next_dagrun for cards_etl to 2025-06-30 00:00:00+00:00, run_after=2025-07-01 00:00:00+00:00
[2025-06-30T11:38:47.777+0000] {processor.py:183} INFO - Processing /opt/airflow/dags/etl_dim_cards_dag.py took 0.938 seconds
[2025-06-30T11:39:18.237+0000] {processor.py:161} INFO - Started process (PID=10421) to work on /opt/airflow/dags/etl_dim_cards_dag.py
[2025-06-30T11:39:18.240+0000] {processor.py:830} INFO - Processing file /opt/airflow/dags/etl_dim_cards_dag.py for tasks to queue
[2025-06-30T11:39:18.242+0000] {logging_mixin.py:188} INFO - [2025-06-30T11:39:18.242+0000] {dagbag.py:538} INFO - Filling up the DagBag from /opt/airflow/dags/etl_dim_cards_dag.py
[2025-06-30T11:39:19.049+0000] {processor.py:840} INFO - DAG(s) 'cards_etl' retrieved from /opt/airflow/dags/etl_dim_cards_dag.py
[2025-06-30T11:39:19.118+0000] {logging_mixin.py:188} INFO - [2025-06-30T11:39:19.114+0000] {dag.py:3036} INFO - Sync 1 DAGs
[2025-06-30T11:39:19.178+0000] {logging_mixin.py:188} INFO - [2025-06-30T11:39:19.177+0000] {dag.py:3823} INFO - Setting next_dagrun for cards_etl to 2025-06-30 00:00:00+00:00, run_after=2025-07-01 00:00:00+00:00
[2025-06-30T11:39:19.264+0000] {processor.py:183} INFO - Processing /opt/airflow/dags/etl_dim_cards_dag.py took 1.035 seconds
[2025-06-30T11:39:49.624+0000] {processor.py:161} INFO - Started process (PID=10430) to work on /opt/airflow/dags/etl_dim_cards_dag.py
[2025-06-30T11:39:49.626+0000] {processor.py:830} INFO - Processing file /opt/airflow/dags/etl_dim_cards_dag.py for tasks to queue
[2025-06-30T11:39:49.629+0000] {logging_mixin.py:188} INFO - [2025-06-30T11:39:49.628+0000] {dagbag.py:538} INFO - Filling up the DagBag from /opt/airflow/dags/etl_dim_cards_dag.py
[2025-06-30T11:39:50.444+0000] {processor.py:840} INFO - DAG(s) 'cards_etl' retrieved from /opt/airflow/dags/etl_dim_cards_dag.py
[2025-06-30T11:39:50.518+0000] {logging_mixin.py:188} INFO - [2025-06-30T11:39:50.517+0000] {dag.py:3036} INFO - Sync 1 DAGs
[2025-06-30T11:39:50.582+0000] {logging_mixin.py:188} INFO - [2025-06-30T11:39:50.581+0000] {dag.py:3823} INFO - Setting next_dagrun for cards_etl to 2025-06-30 00:00:00+00:00, run_after=2025-07-01 00:00:00+00:00
[2025-06-30T11:39:50.639+0000] {processor.py:183} INFO - Processing /opt/airflow/dags/etl_dim_cards_dag.py took 1.022 seconds
[2025-06-30T11:40:21.060+0000] {processor.py:161} INFO - Started process (PID=10438) to work on /opt/airflow/dags/etl_dim_cards_dag.py
[2025-06-30T11:40:21.063+0000] {processor.py:830} INFO - Processing file /opt/airflow/dags/etl_dim_cards_dag.py for tasks to queue
[2025-06-30T11:40:21.066+0000] {logging_mixin.py:188} INFO - [2025-06-30T11:40:21.065+0000] {dagbag.py:538} INFO - Filling up the DagBag from /opt/airflow/dags/etl_dim_cards_dag.py
[2025-06-30T11:40:21.877+0000] {processor.py:840} INFO - DAG(s) 'cards_etl' retrieved from /opt/airflow/dags/etl_dim_cards_dag.py
[2025-06-30T11:40:21.945+0000] {logging_mixin.py:188} INFO - [2025-06-30T11:40:21.943+0000] {dag.py:3036} INFO - Sync 1 DAGs
[2025-06-30T11:40:22.062+0000] {logging_mixin.py:188} INFO - [2025-06-30T11:40:22.061+0000] {dag.py:3823} INFO - Setting next_dagrun for cards_etl to 2025-06-30 00:00:00+00:00, run_after=2025-07-01 00:00:00+00:00
[2025-06-30T11:40:22.146+0000] {processor.py:183} INFO - Processing /opt/airflow/dags/etl_dim_cards_dag.py took 1.092 seconds
[2025-06-30T11:40:52.426+0000] {processor.py:161} INFO - Started process (PID=10446) to work on /opt/airflow/dags/etl_dim_cards_dag.py
[2025-06-30T11:40:52.429+0000] {processor.py:830} INFO - Processing file /opt/airflow/dags/etl_dim_cards_dag.py for tasks to queue
[2025-06-30T11:40:52.432+0000] {logging_mixin.py:188} INFO - [2025-06-30T11:40:52.431+0000] {dagbag.py:538} INFO - Filling up the DagBag from /opt/airflow/dags/etl_dim_cards_dag.py
[2025-06-30T11:40:53.224+0000] {processor.py:840} INFO - DAG(s) 'cards_etl' retrieved from /opt/airflow/dags/etl_dim_cards_dag.py
[2025-06-30T11:40:53.287+0000] {logging_mixin.py:188} INFO - [2025-06-30T11:40:53.285+0000] {dag.py:3036} INFO - Sync 1 DAGs
[2025-06-30T11:40:53.364+0000] {logging_mixin.py:188} INFO - [2025-06-30T11:40:53.363+0000] {dag.py:3823} INFO - Setting next_dagrun for cards_etl to 2025-06-30 00:00:00+00:00, run_after=2025-07-01 00:00:00+00:00
[2025-06-30T11:40:53.430+0000] {processor.py:183} INFO - Processing /opt/airflow/dags/etl_dim_cards_dag.py took 1.012 seconds
[2025-06-30T11:41:23.766+0000] {processor.py:161} INFO - Started process (PID=10454) to work on /opt/airflow/dags/etl_dim_cards_dag.py
[2025-06-30T11:41:23.770+0000] {processor.py:830} INFO - Processing file /opt/airflow/dags/etl_dim_cards_dag.py for tasks to queue
[2025-06-30T11:41:23.775+0000] {logging_mixin.py:188} INFO - [2025-06-30T11:41:23.774+0000] {dagbag.py:538} INFO - Filling up the DagBag from /opt/airflow/dags/etl_dim_cards_dag.py
[2025-06-30T11:41:24.528+0000] {processor.py:840} INFO - DAG(s) 'cards_etl' retrieved from /opt/airflow/dags/etl_dim_cards_dag.py
[2025-06-30T11:41:24.620+0000] {logging_mixin.py:188} INFO - [2025-06-30T11:41:24.618+0000] {dag.py:3036} INFO - Sync 1 DAGs
[2025-06-30T11:41:24.692+0000] {logging_mixin.py:188} INFO - [2025-06-30T11:41:24.692+0000] {dag.py:3823} INFO - Setting next_dagrun for cards_etl to 2025-06-30 00:00:00+00:00, run_after=2025-07-01 00:00:00+00:00
[2025-06-30T11:41:24.818+0000] {processor.py:183} INFO - Processing /opt/airflow/dags/etl_dim_cards_dag.py took 1.059 seconds
[2025-06-30T11:41:55.527+0000] {processor.py:161} INFO - Started process (PID=10462) to work on /opt/airflow/dags/etl_dim_cards_dag.py
[2025-06-30T11:41:55.530+0000] {processor.py:830} INFO - Processing file /opt/airflow/dags/etl_dim_cards_dag.py for tasks to queue
[2025-06-30T11:41:55.533+0000] {logging_mixin.py:188} INFO - [2025-06-30T11:41:55.532+0000] {dagbag.py:538} INFO - Filling up the DagBag from /opt/airflow/dags/etl_dim_cards_dag.py
[2025-06-30T11:41:56.307+0000] {processor.py:840} INFO - DAG(s) 'cards_etl' retrieved from /opt/airflow/dags/etl_dim_cards_dag.py
[2025-06-30T11:41:56.372+0000] {logging_mixin.py:188} INFO - [2025-06-30T11:41:56.371+0000] {dag.py:3036} INFO - Sync 1 DAGs
[2025-06-30T11:41:56.427+0000] {logging_mixin.py:188} INFO - [2025-06-30T11:41:56.426+0000] {dag.py:3823} INFO - Setting next_dagrun for cards_etl to 2025-06-30 00:00:00+00:00, run_after=2025-07-01 00:00:00+00:00
[2025-06-30T11:41:56.548+0000] {processor.py:183} INFO - Processing /opt/airflow/dags/etl_dim_cards_dag.py took 1.026 seconds
[2025-06-30T11:42:26.854+0000] {processor.py:161} INFO - Started process (PID=10470) to work on /opt/airflow/dags/etl_dim_cards_dag.py
[2025-06-30T11:42:26.858+0000] {processor.py:830} INFO - Processing file /opt/airflow/dags/etl_dim_cards_dag.py for tasks to queue
[2025-06-30T11:42:26.862+0000] {logging_mixin.py:188} INFO - [2025-06-30T11:42:26.861+0000] {dagbag.py:538} INFO - Filling up the DagBag from /opt/airflow/dags/etl_dim_cards_dag.py
[2025-06-30T11:42:27.647+0000] {processor.py:840} INFO - DAG(s) 'cards_etl' retrieved from /opt/airflow/dags/etl_dim_cards_dag.py
[2025-06-30T11:42:27.717+0000] {logging_mixin.py:188} INFO - [2025-06-30T11:42:27.716+0000] {dag.py:3036} INFO - Sync 1 DAGs
[2025-06-30T11:42:27.786+0000] {logging_mixin.py:188} INFO - [2025-06-30T11:42:27.786+0000] {dag.py:3823} INFO - Setting next_dagrun for cards_etl to 2025-06-30 00:00:00+00:00, run_after=2025-07-01 00:00:00+00:00
[2025-06-30T11:42:27.904+0000] {processor.py:183} INFO - Processing /opt/airflow/dags/etl_dim_cards_dag.py took 1.062 seconds
[2025-06-30T11:42:58.329+0000] {processor.py:161} INFO - Started process (PID=10478) to work on /opt/airflow/dags/etl_dim_cards_dag.py
[2025-06-30T11:42:58.331+0000] {processor.py:830} INFO - Processing file /opt/airflow/dags/etl_dim_cards_dag.py for tasks to queue
[2025-06-30T11:42:58.334+0000] {logging_mixin.py:188} INFO - [2025-06-30T11:42:58.333+0000] {dagbag.py:538} INFO - Filling up the DagBag from /opt/airflow/dags/etl_dim_cards_dag.py
[2025-06-30T11:42:59.042+0000] {processor.py:840} INFO - DAG(s) 'cards_etl' retrieved from /opt/airflow/dags/etl_dim_cards_dag.py
[2025-06-30T11:42:59.119+0000] {logging_mixin.py:188} INFO - [2025-06-30T11:42:59.118+0000] {dag.py:3036} INFO - Sync 1 DAGs
[2025-06-30T11:42:59.174+0000] {logging_mixin.py:188} INFO - [2025-06-30T11:42:59.174+0000] {dag.py:3823} INFO - Setting next_dagrun for cards_etl to 2025-06-30 00:00:00+00:00, run_after=2025-07-01 00:00:00+00:00
[2025-06-30T11:42:59.230+0000] {processor.py:183} INFO - Processing /opt/airflow/dags/etl_dim_cards_dag.py took 0.908 seconds
[2025-06-30T11:43:29.645+0000] {processor.py:161} INFO - Started process (PID=10487) to work on /opt/airflow/dags/etl_dim_cards_dag.py
[2025-06-30T11:43:29.647+0000] {processor.py:830} INFO - Processing file /opt/airflow/dags/etl_dim_cards_dag.py for tasks to queue
[2025-06-30T11:43:29.650+0000] {logging_mixin.py:188} INFO - [2025-06-30T11:43:29.649+0000] {dagbag.py:538} INFO - Filling up the DagBag from /opt/airflow/dags/etl_dim_cards_dag.py
[2025-06-30T11:43:30.484+0000] {processor.py:840} INFO - DAG(s) 'cards_etl' retrieved from /opt/airflow/dags/etl_dim_cards_dag.py
[2025-06-30T11:43:30.536+0000] {logging_mixin.py:188} INFO - [2025-06-30T11:43:30.535+0000] {dag.py:3036} INFO - Sync 1 DAGs
[2025-06-30T11:43:30.587+0000] {logging_mixin.py:188} INFO - [2025-06-30T11:43:30.587+0000] {dag.py:3823} INFO - Setting next_dagrun for cards_etl to 2025-06-30 00:00:00+00:00, run_after=2025-07-01 00:00:00+00:00
[2025-06-30T11:43:30.701+0000] {processor.py:183} INFO - Processing /opt/airflow/dags/etl_dim_cards_dag.py took 1.062 seconds
[2025-06-30T11:44:01.030+0000] {processor.py:161} INFO - Started process (PID=10495) to work on /opt/airflow/dags/etl_dim_cards_dag.py
[2025-06-30T11:44:01.033+0000] {processor.py:830} INFO - Processing file /opt/airflow/dags/etl_dim_cards_dag.py for tasks to queue
[2025-06-30T11:44:01.036+0000] {logging_mixin.py:188} INFO - [2025-06-30T11:44:01.035+0000] {dagbag.py:538} INFO - Filling up the DagBag from /opt/airflow/dags/etl_dim_cards_dag.py
[2025-06-30T11:44:01.819+0000] {processor.py:840} INFO - DAG(s) 'cards_etl' retrieved from /opt/airflow/dags/etl_dim_cards_dag.py
[2025-06-30T11:44:01.881+0000] {logging_mixin.py:188} INFO - [2025-06-30T11:44:01.880+0000] {dag.py:3036} INFO - Sync 1 DAGs
[2025-06-30T11:44:01.936+0000] {logging_mixin.py:188} INFO - [2025-06-30T11:44:01.935+0000] {dag.py:3823} INFO - Setting next_dagrun for cards_etl to 2025-06-30 00:00:00+00:00, run_after=2025-07-01 00:00:00+00:00
[2025-06-30T11:44:02.059+0000] {processor.py:183} INFO - Processing /opt/airflow/dags/etl_dim_cards_dag.py took 1.038 seconds
[2025-06-30T11:44:32.541+0000] {processor.py:161} INFO - Started process (PID=10504) to work on /opt/airflow/dags/etl_dim_cards_dag.py
[2025-06-30T11:44:32.544+0000] {processor.py:830} INFO - Processing file /opt/airflow/dags/etl_dim_cards_dag.py for tasks to queue
[2025-06-30T11:44:32.548+0000] {logging_mixin.py:188} INFO - [2025-06-30T11:44:32.547+0000] {dagbag.py:538} INFO - Filling up the DagBag from /opt/airflow/dags/etl_dim_cards_dag.py
[2025-06-30T11:44:33.532+0000] {processor.py:840} INFO - DAG(s) 'cards_etl' retrieved from /opt/airflow/dags/etl_dim_cards_dag.py
[2025-06-30T11:44:33.586+0000] {logging_mixin.py:188} INFO - [2025-06-30T11:44:33.585+0000] {dag.py:3036} INFO - Sync 1 DAGs
[2025-06-30T11:44:33.637+0000] {logging_mixin.py:188} INFO - [2025-06-30T11:44:33.637+0000] {dag.py:3823} INFO - Setting next_dagrun for cards_etl to 2025-06-30 00:00:00+00:00, run_after=2025-07-01 00:00:00+00:00
[2025-06-30T11:44:33.749+0000] {processor.py:183} INFO - Processing /opt/airflow/dags/etl_dim_cards_dag.py took 1.217 seconds
[2025-06-30T11:45:04.185+0000] {processor.py:161} INFO - Started process (PID=10519) to work on /opt/airflow/dags/etl_dim_cards_dag.py
[2025-06-30T11:45:04.188+0000] {processor.py:830} INFO - Processing file /opt/airflow/dags/etl_dim_cards_dag.py for tasks to queue
[2025-06-30T11:45:04.191+0000] {logging_mixin.py:188} INFO - [2025-06-30T11:45:04.190+0000] {dagbag.py:538} INFO - Filling up the DagBag from /opt/airflow/dags/etl_dim_cards_dag.py
[2025-06-30T11:45:05.189+0000] {processor.py:840} INFO - DAG(s) 'cards_etl' retrieved from /opt/airflow/dags/etl_dim_cards_dag.py
[2025-06-30T11:45:05.269+0000] {logging_mixin.py:188} INFO - [2025-06-30T11:45:05.267+0000] {dag.py:3036} INFO - Sync 1 DAGs
[2025-06-30T11:45:05.342+0000] {logging_mixin.py:188} INFO - [2025-06-30T11:45:05.341+0000] {dag.py:3823} INFO - Setting next_dagrun for cards_etl to 2025-06-30 00:00:00+00:00, run_after=2025-07-01 00:00:00+00:00
[2025-06-30T11:45:05.458+0000] {processor.py:183} INFO - Processing /opt/airflow/dags/etl_dim_cards_dag.py took 1.284 seconds
[2025-06-30T11:45:35.872+0000] {processor.py:161} INFO - Started process (PID=10528) to work on /opt/airflow/dags/etl_dim_cards_dag.py
[2025-06-30T11:45:35.874+0000] {processor.py:830} INFO - Processing file /opt/airflow/dags/etl_dim_cards_dag.py for tasks to queue
[2025-06-30T11:45:35.877+0000] {logging_mixin.py:188} INFO - [2025-06-30T11:45:35.876+0000] {dagbag.py:538} INFO - Filling up the DagBag from /opt/airflow/dags/etl_dim_cards_dag.py
[2025-06-30T11:45:36.612+0000] {processor.py:840} INFO - DAG(s) 'cards_etl' retrieved from /opt/airflow/dags/etl_dim_cards_dag.py
[2025-06-30T11:45:36.679+0000] {logging_mixin.py:188} INFO - [2025-06-30T11:45:36.675+0000] {dag.py:3036} INFO - Sync 1 DAGs
[2025-06-30T11:45:36.736+0000] {logging_mixin.py:188} INFO - [2025-06-30T11:45:36.735+0000] {dag.py:3823} INFO - Setting next_dagrun for cards_etl to 2025-06-30 00:00:00+00:00, run_after=2025-07-01 00:00:00+00:00
[2025-06-30T11:45:36.855+0000] {processor.py:183} INFO - Processing /opt/airflow/dags/etl_dim_cards_dag.py took 0.990 seconds
[2025-06-30T11:46:07.288+0000] {processor.py:161} INFO - Started process (PID=10536) to work on /opt/airflow/dags/etl_dim_cards_dag.py
[2025-06-30T11:46:07.291+0000] {processor.py:830} INFO - Processing file /opt/airflow/dags/etl_dim_cards_dag.py for tasks to queue
[2025-06-30T11:46:07.295+0000] {logging_mixin.py:188} INFO - [2025-06-30T11:46:07.294+0000] {dagbag.py:538} INFO - Filling up the DagBag from /opt/airflow/dags/etl_dim_cards_dag.py
[2025-06-30T11:46:08.109+0000] {processor.py:840} INFO - DAG(s) 'cards_etl' retrieved from /opt/airflow/dags/etl_dim_cards_dag.py
[2025-06-30T11:46:08.169+0000] {logging_mixin.py:188} INFO - [2025-06-30T11:46:08.168+0000] {dag.py:3036} INFO - Sync 1 DAGs
[2025-06-30T11:46:08.226+0000] {logging_mixin.py:188} INFO - [2025-06-30T11:46:08.225+0000] {dag.py:3823} INFO - Setting next_dagrun for cards_etl to 2025-06-30 00:00:00+00:00, run_after=2025-07-01 00:00:00+00:00
[2025-06-30T11:46:08.346+0000] {processor.py:183} INFO - Processing /opt/airflow/dags/etl_dim_cards_dag.py took 1.065 seconds
[2025-06-30T11:46:38.656+0000] {processor.py:161} INFO - Started process (PID=10544) to work on /opt/airflow/dags/etl_dim_cards_dag.py
[2025-06-30T11:46:38.659+0000] {processor.py:830} INFO - Processing file /opt/airflow/dags/etl_dim_cards_dag.py for tasks to queue
[2025-06-30T11:46:38.662+0000] {logging_mixin.py:188} INFO - [2025-06-30T11:46:38.661+0000] {dagbag.py:538} INFO - Filling up the DagBag from /opt/airflow/dags/etl_dim_cards_dag.py
[2025-06-30T11:46:39.575+0000] {processor.py:840} INFO - DAG(s) 'cards_etl' retrieved from /opt/airflow/dags/etl_dim_cards_dag.py
[2025-06-30T11:46:39.653+0000] {logging_mixin.py:188} INFO - [2025-06-30T11:46:39.651+0000] {dag.py:3036} INFO - Sync 1 DAGs
[2025-06-30T11:46:39.738+0000] {logging_mixin.py:188} INFO - [2025-06-30T11:46:39.737+0000] {dag.py:3823} INFO - Setting next_dagrun for cards_etl to 2025-06-30 00:00:00+00:00, run_after=2025-07-01 00:00:00+00:00
[2025-06-30T11:46:39.801+0000] {processor.py:183} INFO - Processing /opt/airflow/dags/etl_dim_cards_dag.py took 1.154 seconds
[2025-06-30T11:47:10.320+0000] {processor.py:161} INFO - Started process (PID=10552) to work on /opt/airflow/dags/etl_dim_cards_dag.py
[2025-06-30T11:47:10.323+0000] {processor.py:830} INFO - Processing file /opt/airflow/dags/etl_dim_cards_dag.py for tasks to queue
[2025-06-30T11:47:10.327+0000] {logging_mixin.py:188} INFO - [2025-06-30T11:47:10.325+0000] {dagbag.py:538} INFO - Filling up the DagBag from /opt/airflow/dags/etl_dim_cards_dag.py
[2025-06-30T11:47:11.227+0000] {processor.py:840} INFO - DAG(s) 'cards_etl' retrieved from /opt/airflow/dags/etl_dim_cards_dag.py
[2025-06-30T11:47:11.305+0000] {logging_mixin.py:188} INFO - [2025-06-30T11:47:11.303+0000] {dag.py:3036} INFO - Sync 1 DAGs
[2025-06-30T11:47:11.373+0000] {logging_mixin.py:188} INFO - [2025-06-30T11:47:11.372+0000] {dag.py:3823} INFO - Setting next_dagrun for cards_etl to 2025-06-30 00:00:00+00:00, run_after=2025-07-01 00:00:00+00:00
[2025-06-30T11:47:11.427+0000] {processor.py:183} INFO - Processing /opt/airflow/dags/etl_dim_cards_dag.py took 1.117 seconds
[2025-06-30T11:47:41.681+0000] {processor.py:161} INFO - Started process (PID=10560) to work on /opt/airflow/dags/etl_dim_cards_dag.py
[2025-06-30T11:47:41.684+0000] {processor.py:830} INFO - Processing file /opt/airflow/dags/etl_dim_cards_dag.py for tasks to queue
[2025-06-30T11:47:41.687+0000] {logging_mixin.py:188} INFO - [2025-06-30T11:47:41.686+0000] {dagbag.py:538} INFO - Filling up the DagBag from /opt/airflow/dags/etl_dim_cards_dag.py
[2025-06-30T11:47:42.422+0000] {processor.py:840} INFO - DAG(s) 'cards_etl' retrieved from /opt/airflow/dags/etl_dim_cards_dag.py
[2025-06-30T11:47:42.476+0000] {logging_mixin.py:188} INFO - [2025-06-30T11:47:42.474+0000] {dag.py:3036} INFO - Sync 1 DAGs
[2025-06-30T11:47:42.535+0000] {logging_mixin.py:188} INFO - [2025-06-30T11:47:42.534+0000] {dag.py:3823} INFO - Setting next_dagrun for cards_etl to 2025-06-30 00:00:00+00:00, run_after=2025-07-01 00:00:00+00:00
[2025-06-30T11:47:42.583+0000] {processor.py:183} INFO - Processing /opt/airflow/dags/etl_dim_cards_dag.py took 0.910 seconds
[2025-06-30T11:48:13.022+0000] {processor.py:161} INFO - Started process (PID=10569) to work on /opt/airflow/dags/etl_dim_cards_dag.py
[2025-06-30T11:48:13.025+0000] {processor.py:830} INFO - Processing file /opt/airflow/dags/etl_dim_cards_dag.py for tasks to queue
[2025-06-30T11:48:13.031+0000] {logging_mixin.py:188} INFO - [2025-06-30T11:48:13.027+0000] {dagbag.py:538} INFO - Filling up the DagBag from /opt/airflow/dags/etl_dim_cards_dag.py
[2025-06-30T11:48:13.855+0000] {processor.py:840} INFO - DAG(s) 'cards_etl' retrieved from /opt/airflow/dags/etl_dim_cards_dag.py
[2025-06-30T11:48:13.913+0000] {logging_mixin.py:188} INFO - [2025-06-30T11:48:13.912+0000] {dag.py:3036} INFO - Sync 1 DAGs
[2025-06-30T11:48:13.979+0000] {logging_mixin.py:188} INFO - [2025-06-30T11:48:13.979+0000] {dag.py:3823} INFO - Setting next_dagrun for cards_etl to 2025-06-30 00:00:00+00:00, run_after=2025-07-01 00:00:00+00:00
[2025-06-30T11:48:14.095+0000] {processor.py:183} INFO - Processing /opt/airflow/dags/etl_dim_cards_dag.py took 1.080 seconds
