[2025-06-26T19:34:03.077+0000] {taskinstance.py:1956} INFO - Dependencies all met for dep_context=non-requeueable deps ti=<TaskInstance: cards_etl.etl_cards_task scheduled__2025-06-26T19:32:00+00:00 [queued]>
[2025-06-26T19:34:03.101+0000] {taskinstance.py:1956} INFO - Dependencies all met for dep_context=requeueable deps ti=<TaskInstance: cards_etl.etl_cards_task scheduled__2025-06-26T19:32:00+00:00 [queued]>
[2025-06-26T19:34:03.102+0000] {taskinstance.py:2170} INFO - Starting attempt 1 of 2
[2025-06-26T19:34:03.137+0000] {taskinstance.py:2191} INFO - Executing <Task(PythonOperator): etl_cards_task> on 2025-06-26 19:32:00+00:00
[2025-06-26T19:34:03.152+0000] {standard_task_runner.py:60} INFO - Started process 5983 to run task
[2025-06-26T19:34:03.160+0000] {standard_task_runner.py:87} INFO - Running: ['***', 'tasks', 'run', 'cards_etl', 'etl_cards_task', 'scheduled__2025-06-26T19:32:00+00:00', '--job-id', '67', '--raw', '--subdir', 'DAGS_FOLDER/etl_cards_dag.py', '--cfg-path', '/tmp/tmp6pgcacyy']
[2025-06-26T19:34:03.166+0000] {standard_task_runner.py:88} INFO - Job 67: Subtask etl_cards_task
[2025-06-26T19:34:03.287+0000] {task_command.py:423} INFO - Running <TaskInstance: cards_etl.etl_cards_task scheduled__2025-06-26T19:32:00+00:00 [running]> on host 65da94c758f2
[2025-06-26T19:34:03.805+0000] {taskinstance.py:2480} INFO - Exporting env vars: AIRFLOW_CTX_DAG_OWNER='jimmy' AIRFLOW_CTX_DAG_ID='cards_etl' AIRFLOW_CTX_TASK_ID='etl_cards_task' AIRFLOW_CTX_EXECUTION_DATE='2025-06-26T19:32:00+00:00' AIRFLOW_CTX_TRY_NUMBER='1' AIRFLOW_CTX_DAG_RUN_ID='scheduled__2025-06-26T19:32:00+00:00'
[2025-06-26T19:34:03.808+0000] {etl_cards_dag.py:22} INFO - Starting ETL for cards
[2025-06-26T19:34:03.853+0000] {ETL_dim_card.py:21} INFO - ✅ Extracted cards_data.csv with 6146 records
[2025-06-26T19:34:03.854+0000] {ETL_dim_card.py:36} INFO - Starting transformation of CARDS data.
[2025-06-26T19:34:03.910+0000] {ETL_dim_card.py:56} INFO - Removed columns ['client_id', 'card_number', 'cvv'] from CARDS data.
[2025-06-26T19:34:03.911+0000] {ETL_dim_card.py:57} INFO - finished transformation of CARDS data.
[2025-06-26T19:34:03.916+0000] {load_data.py:34} INFO - Successfully created database connection engine.
[2025-06-26T19:34:23.301+0000] {load_data.py:81} INFO - Successfully loaded data into table 'financial.dim_card'. 6146 rows and 10 columns
[2025-06-26T19:34:23.304+0000] {etl_cards_dag.py:27} INFO - Finished ETL for cards
[2025-06-26T19:34:23.306+0000] {python.py:201} INFO - Done. Returned value was: None
[2025-06-26T19:34:23.340+0000] {taskinstance.py:1138} INFO - Marking task as SUCCESS. dag_id=cards_etl, task_id=etl_cards_task, execution_date=20250626T193200, start_date=20250626T193403, end_date=20250626T193423
[2025-06-26T19:34:23.412+0000] {local_task_job_runner.py:234} INFO - Task exited with return code 0
[2025-06-26T19:34:23.781+0000] {taskinstance.py:3280} INFO - 0 downstream tasks scheduled from follow-on schedule check
