[2025-06-26T21:34:30.704+0000] {taskinstance.py:1956} INFO - Dependencies all met for dep_context=non-requeueable deps ti=<TaskInstance: cards_etl.etl_cards_task manual__2025-06-26T21:34:26.957843+00:00 [queued]>
[2025-06-26T21:34:30.733+0000] {taskinstance.py:1956} INFO - Dependencies all met for dep_context=requeueable deps ti=<TaskInstance: cards_etl.etl_cards_task manual__2025-06-26T21:34:26.957843+00:00 [queued]>
[2025-06-26T21:34:30.735+0000] {taskinstance.py:2170} INFO - Starting attempt 1 of 2
[2025-06-26T21:34:30.774+0000] {taskinstance.py:2191} INFO - Executing <Task(PythonOperator): etl_cards_task> on 2025-06-26 21:34:26.957843+00:00
[2025-06-26T21:34:30.799+0000] {standard_task_runner.py:60} INFO - Started process 7477 to run task
[2025-06-26T21:34:30.808+0000] {standard_task_runner.py:87} INFO - Running: ['***', 'tasks', 'run', 'cards_etl', 'etl_cards_task', 'manual__2025-06-26T21:34:26.957843+00:00', '--job-id', '79', '--raw', '--subdir', 'DAGS_FOLDER/etl_cards_dag.py', '--cfg-path', '/tmp/tmp2hior2_5']
[2025-06-26T21:34:30.818+0000] {standard_task_runner.py:88} INFO - Job 79: Subtask etl_cards_task
[2025-06-26T21:34:30.962+0000] {task_command.py:423} INFO - Running <TaskInstance: cards_etl.etl_cards_task manual__2025-06-26T21:34:26.957843+00:00 [running]> on host 65da94c758f2
[2025-06-26T21:34:32.255+0000] {taskinstance.py:2480} INFO - Exporting env vars: AIRFLOW_CTX_DAG_OWNER='jimmy' AIRFLOW_CTX_DAG_ID='cards_etl' AIRFLOW_CTX_TASK_ID='etl_cards_task' AIRFLOW_CTX_EXECUTION_DATE='2025-06-26T21:34:26.957843+00:00' AIRFLOW_CTX_TRY_NUMBER='1' AIRFLOW_CTX_DAG_RUN_ID='manual__2025-06-26T21:34:26.957843+00:00'
[2025-06-26T21:34:32.258+0000] {etl_cards_dag.py:22} INFO - Starting ETL for cards
[2025-06-26T21:34:32.349+0000] {ETL_dim_card.py:21} INFO - ✅ Extracted cards_data.csv with 6146 records
[2025-06-26T21:34:32.351+0000] {ETL_dim_card.py:36} INFO - Starting transformation of CARDS data.
[2025-06-26T21:34:32.502+0000] {ETL_dim_card.py:58} INFO - Removed columns ['client_id', 'card_number', 'cvv'] from CARDS data.
[2025-06-26T21:34:32.503+0000] {ETL_dim_card.py:59} INFO - finished transformation of CARDS data.
[2025-06-26T21:34:32.519+0000] {load_data.py:34} INFO - Successfully created database connection engine.
[2025-06-26T21:34:57.679+0000] {load_data.py:81} INFO - Successfully loaded data into table 'financial.dim_card'. 6146 rows and 10 columns
[2025-06-26T21:34:57.684+0000] {etl_cards_dag.py:27} INFO - Finished ETL for cards
[2025-06-26T21:34:57.689+0000] {python.py:201} INFO - Done. Returned value was: None
[2025-06-26T21:34:57.750+0000] {taskinstance.py:1138} INFO - Marking task as SUCCESS. dag_id=cards_etl, task_id=etl_cards_task, execution_date=20250626T213426, start_date=20250626T213430, end_date=20250626T213457
[2025-06-26T21:34:57.910+0000] {local_task_job_runner.py:234} INFO - Task exited with return code 0
[2025-06-26T21:34:58.610+0000] {taskinstance.py:3280} INFO - 0 downstream tasks scheduled from follow-on schedule check
