[2025-06-30T15:12:32.187+0000] {taskinstance.py:1956} INFO - Dependencies all met for dep_context=non-requeueable deps ti=<TaskInstance: dim_card_etl.etl_cards_task manual__2025-06-30T15:12:30.535784+00:00 [queued]>
[2025-06-30T15:12:32.201+0000] {taskinstance.py:1956} INFO - Dependencies all met for dep_context=requeueable deps ti=<TaskInstance: dim_card_etl.etl_cards_task manual__2025-06-30T15:12:30.535784+00:00 [queued]>
[2025-06-30T15:12:32.202+0000] {taskinstance.py:2170} INFO - Starting attempt 1 of 2
[2025-06-30T15:12:32.221+0000] {taskinstance.py:2191} INFO - Executing <Task(PythonOperator): etl_cards_task> on 2025-06-30 15:12:30.535784+00:00
[2025-06-30T15:12:32.229+0000] {standard_task_runner.py:60} INFO - Started process 14508 to run task
[2025-06-30T15:12:32.234+0000] {standard_task_runner.py:87} INFO - Running: ['***', 'tasks', 'run', 'dim_card_etl', 'etl_cards_task', 'manual__2025-06-30T15:12:30.535784+00:00', '--job-id', '107', '--raw', '--subdir', 'DAGS_FOLDER/etl_dim_card_dag.py', '--cfg-path', '/tmp/tmp6tm6l0j3']
[2025-06-30T15:12:32.237+0000] {standard_task_runner.py:88} INFO - Job 107: Subtask etl_cards_task
[2025-06-30T15:12:32.311+0000] {task_command.py:423} INFO - Running <TaskInstance: dim_card_etl.etl_cards_task manual__2025-06-30T15:12:30.535784+00:00 [running]> on host 65da94c758f2
[2025-06-30T15:12:32.653+0000] {taskinstance.py:2480} INFO - Exporting env vars: AIRFLOW_CTX_DAG_OWNER='jimmy' AIRFLOW_CTX_DAG_ID='dim_card_etl' AIRFLOW_CTX_TASK_ID='etl_cards_task' AIRFLOW_CTX_EXECUTION_DATE='2025-06-30T15:12:30.535784+00:00' AIRFLOW_CTX_TRY_NUMBER='1' AIRFLOW_CTX_DAG_RUN_ID='manual__2025-06-30T15:12:30.535784+00:00'
[2025-06-30T15:12:32.657+0000] {etl_dim_card_dag.py:23} INFO - Starting ETL for cards
[2025-06-30T15:12:32.697+0000] {extract_data.py:25} INFO - ✅ Extracted CARDS_data.csv with 6146 records
[2025-06-30T15:12:32.697+0000] {transform_dim_card.py:23} INFO - Starting transformation of CARDS data.
[2025-06-30T15:12:32.728+0000] {transform_dim_card.py:45} INFO - ✅finished transformation of CARDS data.
[2025-06-30T15:12:32.733+0000] {load_data.py:34} INFO - Successfully created database connection engine.
[2025-06-30T15:12:32.849+0000] {load_data.py:78} INFO - Table 'financial.dim_card' has data.
[2025-06-30T15:12:32.855+0000] {load_data.py:80} INFO - ✅ Table 'financial.dim_card' loaded successfully.
[2025-06-30T15:12:44.296+0000] {load_data.py:91} INFO - ✅Successfully loaded data into table 'financial.dim_card'. 6146 rows and 10 columns
[2025-06-30T15:12:44.298+0000] {etl_dim_card_dag.py:28} INFO - Finished ETL for cards
[2025-06-30T15:12:44.299+0000] {python.py:201} INFO - Done. Returned value was: None
[2025-06-30T15:12:44.311+0000] {taskinstance.py:1138} INFO - Marking task as SUCCESS. dag_id=dim_card_etl, task_id=etl_cards_task, execution_date=20250630T151230, start_date=20250630T151232, end_date=20250630T151244
[2025-06-30T15:12:44.354+0000] {local_task_job_runner.py:234} INFO - Task exited with return code 0
[2025-06-30T15:12:44.375+0000] {taskinstance.py:3280} INFO - 0 downstream tasks scheduled from follow-on schedule check
