[2025-06-30T13:49:42.875+0000] {taskinstance.py:1956} INFO - Dependencies all met for dep_context=non-requeueable deps ti=<TaskInstance: dim_card_etl.etl_cards_task manual__2025-06-30T13:49:39.648823+00:00 [queued]>
[2025-06-30T13:49:42.900+0000] {taskinstance.py:1956} INFO - Dependencies all met for dep_context=requeueable deps ti=<TaskInstance: dim_card_etl.etl_cards_task manual__2025-06-30T13:49:39.648823+00:00 [queued]>
[2025-06-30T13:49:42.902+0000] {taskinstance.py:2170} INFO - Starting attempt 1 of 2
[2025-06-30T13:49:43.005+0000] {taskinstance.py:2191} INFO - Executing <Task(PythonOperator): etl_cards_task> on 2025-06-30 13:49:39.648823+00:00
[2025-06-30T13:49:43.026+0000] {standard_task_runner.py:60} INFO - Started process 13649 to run task
[2025-06-30T13:49:43.035+0000] {standard_task_runner.py:87} INFO - Running: ['***', 'tasks', 'run', 'dim_card_etl', 'etl_cards_task', 'manual__2025-06-30T13:49:39.648823+00:00', '--job-id', '95', '--raw', '--subdir', 'DAGS_FOLDER/etl_dim_card_dag.py', '--cfg-path', '/tmp/tmpqhsn31i5']
[2025-06-30T13:49:43.046+0000] {standard_task_runner.py:88} INFO - Job 95: Subtask etl_cards_task
[2025-06-30T13:49:43.171+0000] {task_command.py:423} INFO - Running <TaskInstance: dim_card_etl.etl_cards_task manual__2025-06-30T13:49:39.648823+00:00 [running]> on host 65da94c758f2
[2025-06-30T13:49:44.066+0000] {taskinstance.py:2480} INFO - Exporting env vars: AIRFLOW_CTX_DAG_OWNER='jimmy' AIRFLOW_CTX_DAG_ID='dim_card_etl' AIRFLOW_CTX_TASK_ID='etl_cards_task' AIRFLOW_CTX_EXECUTION_DATE='2025-06-30T13:49:39.648823+00:00' AIRFLOW_CTX_TRY_NUMBER='1' AIRFLOW_CTX_DAG_RUN_ID='manual__2025-06-30T13:49:39.648823+00:00'
[2025-06-30T13:49:44.069+0000] {etl_dim_card_dag.py:23} INFO - Starting ETL for cards
[2025-06-30T13:49:44.141+0000] {extract_data.py:25} INFO - ✅ Extracted CARDS_data.csv with 6146 records
[2025-06-30T13:49:44.143+0000] {transform_dim_card.py:23} INFO - Starting transformation of CARDS data.
[2025-06-30T13:49:44.225+0000] {transform_dim_card.py:45} INFO - ✅finished transformation of CARDS data.
[2025-06-30T13:49:44.236+0000] {load_data.py:34} INFO - Successfully created database connection engine.
[2025-06-30T13:50:14.541+0000] {load_data.py:92} INFO - ✅Successfully loaded data into table 'financial.dim_card'. 6146 rows and 10 columns
[2025-06-30T13:50:14.544+0000] {etl_dim_card_dag.py:28} INFO - Finished ETL for cards
[2025-06-30T13:50:14.546+0000] {python.py:201} INFO - Done. Returned value was: None
[2025-06-30T13:50:14.584+0000] {taskinstance.py:1138} INFO - Marking task as SUCCESS. dag_id=dim_card_etl, task_id=etl_cards_task, execution_date=20250630T134939, start_date=20250630T134942, end_date=20250630T135014
[2025-06-30T13:50:14.690+0000] {local_task_job_runner.py:234} INFO - Task exited with return code 0
[2025-06-30T13:50:15.059+0000] {taskinstance.py:3280} INFO - 0 downstream tasks scheduled from follow-on schedule check
