[2025-06-30T14:45:17.889+0000] {taskinstance.py:1956} INFO - Dependencies all met for dep_context=non-requeueable deps ti=<TaskInstance: dim_card_etl.etl_cards_task manual__2025-06-30T14:45:13.689283+00:00 [queued]>
[2025-06-30T14:45:17.913+0000] {taskinstance.py:1956} INFO - Dependencies all met for dep_context=requeueable deps ti=<TaskInstance: dim_card_etl.etl_cards_task manual__2025-06-30T14:45:13.689283+00:00 [queued]>
[2025-06-30T14:45:17.914+0000] {taskinstance.py:2170} INFO - Starting attempt 1 of 2
[2025-06-30T14:45:17.937+0000] {taskinstance.py:2191} INFO - Executing <Task(PythonOperator): etl_cards_task> on 2025-06-30 14:45:13.689283+00:00
[2025-06-30T14:45:17.958+0000] {standard_task_runner.py:60} INFO - Started process 14078 to run task
[2025-06-30T14:45:17.963+0000] {standard_task_runner.py:87} INFO - Running: ['***', 'tasks', 'run', 'dim_card_etl', 'etl_cards_task', 'manual__2025-06-30T14:45:13.689283+00:00', '--job-id', '98', '--raw', '--subdir', 'DAGS_FOLDER/etl_dim_card_dag.py', '--cfg-path', '/tmp/tmprnzeq877']
[2025-06-30T14:45:17.968+0000] {standard_task_runner.py:88} INFO - Job 98: Subtask etl_cards_task
[2025-06-30T14:45:18.045+0000] {task_command.py:423} INFO - Running <TaskInstance: dim_card_etl.etl_cards_task manual__2025-06-30T14:45:13.689283+00:00 [running]> on host 65da94c758f2
[2025-06-30T14:45:20.041+0000] {taskinstance.py:2480} INFO - Exporting env vars: AIRFLOW_CTX_DAG_OWNER='jimmy' AIRFLOW_CTX_DAG_ID='dim_card_etl' AIRFLOW_CTX_TASK_ID='etl_cards_task' AIRFLOW_CTX_EXECUTION_DATE='2025-06-30T14:45:13.689283+00:00' AIRFLOW_CTX_TRY_NUMBER='1' AIRFLOW_CTX_DAG_RUN_ID='manual__2025-06-30T14:45:13.689283+00:00'
[2025-06-30T14:45:20.043+0000] {etl_dim_card_dag.py:23} INFO - Starting ETL for cards
[2025-06-30T14:45:20.130+0000] {extract_data.py:25} INFO - ✅ Extracted CARDS_data.csv with 6146 records
[2025-06-30T14:45:20.131+0000] {transform_dim_card.py:23} INFO - Starting transformation of CARDS data.
[2025-06-30T14:45:20.189+0000] {transform_dim_card.py:45} INFO - ✅finished transformation of CARDS data.
[2025-06-30T14:45:20.198+0000] {load_data.py:34} INFO - Successfully created database connection engine.
[2025-06-30T14:45:39.266+0000] {load_data.py:92} INFO - ✅Successfully loaded data into table 'financial.dim_card'. 6146 rows and 10 columns
[2025-06-30T14:45:39.267+0000] {etl_dim_card_dag.py:28} INFO - Finished ETL for cards
[2025-06-30T14:45:39.268+0000] {python.py:201} INFO - Done. Returned value was: None
[2025-06-30T14:45:39.284+0000] {taskinstance.py:1138} INFO - Marking task as SUCCESS. dag_id=dim_card_etl, task_id=etl_cards_task, execution_date=20250630T144513, start_date=20250630T144517, end_date=20250630T144539
[2025-06-30T14:45:39.341+0000] {local_task_job_runner.py:234} INFO - Task exited with return code 0
[2025-06-30T14:45:39.553+0000] {taskinstance.py:3280} INFO - 0 downstream tasks scheduled from follow-on schedule check
