[2025-06-26T19:42:02.922+0000] {taskinstance.py:1956} INFO - Dependencies all met for dep_context=non-requeueable deps ti=<TaskInstance: cards_etl.etl_cards_task scheduled__2025-06-26T19:40:00+00:00 [queued]>
[2025-06-26T19:42:02.944+0000] {taskinstance.py:1956} INFO - Dependencies all met for dep_context=requeueable deps ti=<TaskInstance: cards_etl.etl_cards_task scheduled__2025-06-26T19:40:00+00:00 [queued]>
[2025-06-26T19:42:02.945+0000] {taskinstance.py:2170} INFO - Starting attempt 1 of 2
[2025-06-26T19:42:02.976+0000] {taskinstance.py:2191} INFO - Executing <Task(PythonOperator): etl_cards_task> on 2025-06-26 19:40:00+00:00
[2025-06-26T19:42:02.989+0000] {standard_task_runner.py:60} INFO - Started process 6102 to run task
[2025-06-26T19:42:02.995+0000] {standard_task_runner.py:87} INFO - Running: ['***', 'tasks', 'run', 'cards_etl', 'etl_cards_task', 'scheduled__2025-06-26T19:40:00+00:00', '--job-id', '71', '--raw', '--subdir', 'DAGS_FOLDER/etl_cards_dag.py', '--cfg-path', '/tmp/tmphwei2odm']
[2025-06-26T19:42:03.000+0000] {standard_task_runner.py:88} INFO - Job 71: Subtask etl_cards_task
[2025-06-26T19:42:03.128+0000] {task_command.py:423} INFO - Running <TaskInstance: cards_etl.etl_cards_task scheduled__2025-06-26T19:40:00+00:00 [running]> on host 65da94c758f2
[2025-06-26T19:42:03.676+0000] {taskinstance.py:2480} INFO - Exporting env vars: AIRFLOW_CTX_DAG_OWNER='jimmy' AIRFLOW_CTX_DAG_ID='cards_etl' AIRFLOW_CTX_TASK_ID='etl_cards_task' AIRFLOW_CTX_EXECUTION_DATE='2025-06-26T19:40:00+00:00' AIRFLOW_CTX_TRY_NUMBER='1' AIRFLOW_CTX_DAG_RUN_ID='scheduled__2025-06-26T19:40:00+00:00'
[2025-06-26T19:42:03.679+0000] {etl_cards_dag.py:22} INFO - Starting ETL for cards
[2025-06-26T19:42:03.734+0000] {ETL_dim_card.py:21} INFO - ✅ Extracted cards_data.csv with 6146 records
[2025-06-26T19:42:03.735+0000] {ETL_dim_card.py:36} INFO - Starting transformation of CARDS data.
[2025-06-26T19:42:03.815+0000] {ETL_dim_card.py:57} INFO - Removed columns ['client_id', 'card_number', 'cvv'] from CARDS data.
[2025-06-26T19:42:03.817+0000] {ETL_dim_card.py:58} INFO - finished transformation of CARDS data.
[2025-06-26T19:42:03.823+0000] {load_data.py:34} INFO - Successfully created database connection engine.
[2025-06-26T19:42:32.464+0000] {load_data.py:81} INFO - Successfully loaded data into table 'financial.dim_card'. 6146 rows and 10 columns
[2025-06-26T19:42:32.466+0000] {etl_cards_dag.py:27} INFO - Finished ETL for cards
[2025-06-26T19:42:32.469+0000] {python.py:201} INFO - Done. Returned value was: None
[2025-06-26T19:42:32.498+0000] {taskinstance.py:1138} INFO - Marking task as SUCCESS. dag_id=cards_etl, task_id=etl_cards_task, execution_date=20250626T194000, start_date=20250626T194202, end_date=20250626T194232
[2025-06-26T19:42:32.620+0000] {local_task_job_runner.py:234} INFO - Task exited with return code 0
[2025-06-26T19:42:32.927+0000] {taskinstance.py:3280} INFO - 0 downstream tasks scheduled from follow-on schedule check
